Build started at 2022-05-28T17:35:44.062310
Main binary: /usr/bin/python3
Build Options: -Dmultilib=false -Dpicocrt=false -Datomic-ungetc=false -Dthread-local-storage=false -Dio-long-long=true -Dformat-default=integer -Dincludedir=picolibc/riscv64-unknown-elf/include -Dlibdir=picolibc/riscv64-unknown-elf/lib '--cross-file cross.txt'
Python system: Linux
The Meson build system
Version: 0.61.1
Source dir: /opt/Litex/pythondata-software-picolibc/pythondata_software_picolibc/data
Build dir: /home/alex/Digital2/Material_Laboratorio_Digital2/SoC_project/build/nexys4/software/libc
Build type: cross build
Project name: picolibc
Project version: 1.7.4
Sanity testing C compiler: riscv64-unknown-elf-gcc
Is cross compiler: True.
Sanity check compiler command line: riscv64-unknown-elf-gcc sanitycheckc.c -o sanitycheckc_cross.exe -Os -mno-save-restore -march=rv32im -mabi=ilp32 -D__picorv32__ -g3 -fomit-frame-pointer -Wall -fno-builtin -fno-stack-protector -I/opt/Litex/pythondata-software-picolibc/pythondata_software_picolibc/data/newlib/libc/tinystdio -I/opt/Litex/pythondata-software-picolibc/pythondata_software_picolibc/data/newlib/libc/include -I/opt/Litex/litex/litex/soc/software/libbase -I/opt/Litex/litex/litex/soc/software/include -I/opt/Litex/litex/litex/soc/software -I/home/alex/Digital2/Material_Laboratorio_Digital2/SoC_project/build/nexys4/software/include -I/home/alex/Digital2/Material_Laboratorio_Digital2/SoC_project/build/nexys4/software/include/../libc -I/opt/Litex/litex/litex/soc/cores/cpu/picorv32 -fexceptions -Wpragmas -D_FILE_OFFSET_BITS=64 -c
Sanity check compile stdout:

-----
Sanity check compile stderr:

-----
C compiler for the host machine: riscv64-unknown-elf-gcc (gcc 8.3.0 "riscv64-unknown-elf-gcc (SiFive GCC 8.3.0-2019.08.0) 8.3.0")
C linker for the host machine: riscv64-unknown-elf-gcc ld.bfd 2.32.0-2019
Sanity testing C compiler: ccache cc
Is cross compiler: False.
Sanity check compiler command line: ccache cc sanitycheckc.c -o sanitycheckc.exe -D_FILE_OFFSET_BITS=64
Sanity check compile stdout:

-----
Sanity check compile stderr:

-----
Running test binary command: /home/alex/Digital2/Material_Laboratorio_Digital2/SoC_project/build/nexys4/software/libc/meson-private/sanitycheckc.exe
C compiler for the build machine: ccache cc (gcc 7.5.0 "cc (Ubuntu 7.5.0-3ubuntu1~18.04) 7.5.0")
C linker for the build machine: cc ld.bfd 2.30
Build machine cpu family: x86_64
Build machine cpu: x86_64
Host machine cpu family: riscv
Host machine cpu: picorv32
Target machine cpu family: riscv
Target machine cpu: picorv32
Running compile:
Working directory:  /home/alex/Digital2/Material_Laboratorio_Digital2/SoC_project/build/nexys4/software/libc/meson-private/tmpbpxzuwrf
Command line:  riscv64-unknown-elf-gcc -I/opt/Litex/pythondata-software-picolibc/pythondata_software_picolibc/data/newlib/libc/tinystdio -I/opt/Litex/pythondata-software-picolibc/pythondata_software_picolibc/data/newlib/libc/include -I/opt/Litex/litex/litex/soc/software/libbase -I/opt/Litex/litex/litex/soc/software/include -I/opt/Litex/litex/litex/soc/software -I/home/alex/Digital2/Material_Laboratorio_Digital2/SoC_project/build/nexys4/software/include -I/home/alex/Digital2/Material_Laboratorio_Digital2/SoC_project/build/nexys4/software/include/../libc -I/opt/Litex/litex/litex/soc/cores/cpu/picorv32 /home/alex/Digital2/Material_Laboratorio_Digital2/SoC_project/build/nexys4/software/libc/meson-private/tmpbpxzuwrf/testfile.c -o /home/alex/Digital2/Material_Laboratorio_Digital2/SoC_project/build/nexys4/software/libc/meson-private/tmpbpxzuwrf/output.obj -c -Os -mno-save-restore -march=rv32im -mabi=ilp32 -D__picorv32__ -g3 -fomit-frame-pointer -Wall -fno-builtin -fno-stack-protector -fexceptions -Wpragmas -D_FILE_OFFSET_BITS=64 -O0 -std=c18 

Code:
 
#include <float.h>
#ifndef __LDBL_MANT_DIG__
#error No long double support in float.h
#endif
long double test()
{
	long double ld = 0.0L;
	 return ld;
}

Compiler stdout:
 
Compiler stderr:
 
Checking if "long double check" : compiles: YES 
Running compile:
Working directory:  /home/alex/Digital2/Material_Laboratorio_Digital2/SoC_project/build/nexys4/software/libc/meson-private/tmp6x6emnax
Command line:  riscv64-unknown-elf-gcc -I/opt/Litex/pythondata-software-picolibc/pythondata_software_picolibc/data/newlib/libc/tinystdio -I/opt/Litex/pythondata-software-picolibc/pythondata_software_picolibc/data/newlib/libc/include -I/opt/Litex/litex/litex/soc/software/libbase -I/opt/Litex/litex/litex/soc/software/include -I/opt/Litex/litex/litex/soc/software -I/home/alex/Digital2/Material_Laboratorio_Digital2/SoC_project/build/nexys4/software/include -I/home/alex/Digital2/Material_Laboratorio_Digital2/SoC_project/build/nexys4/software/include/../libc -I/opt/Litex/litex/litex/soc/cores/cpu/picorv32 /home/alex/Digital2/Material_Laboratorio_Digital2/SoC_project/build/nexys4/software/libc/meson-private/tmp6x6emnax/testfile.c -o /home/alex/Digital2/Material_Laboratorio_Digital2/SoC_project/build/nexys4/software/libc/meson-private/tmp6x6emnax/output.obj -c -Os -mno-save-restore -march=rv32im -mabi=ilp32 -D__picorv32__ -g3 -fomit-frame-pointer -Wall -fno-builtin -fno-stack-protector -fexceptions -Wpragmas -D_FILE_OFFSET_BITS=64 -O0 -std=c18 

Code:
 
#include <float.h>
char size_test[sizeof(double) == sizeof(long double) ? 1 : -1];

Compiler stdout:
 
Compiler stderr:
 /home/alex/Digital2/Material_Laboratorio_Digital2/SoC_project/build/nexys4/software/libc/meson-private/tmp6x6emnax/testfile.c:3:6: error: size of array 'size_test' is negative
 char size_test[sizeof(double) == sizeof(long double) ? 1 : -1];
      ^~~~~~~~~

Checking if "long double same as double" : compiles: NO 
Running compile:
Working directory:  /home/alex/Digital2/Material_Laboratorio_Digital2/SoC_project/build/nexys4/software/libc/meson-private/tmpldke2qny
Command line:  riscv64-unknown-elf-gcc -I/opt/Litex/pythondata-software-picolibc/pythondata_software_picolibc/data/newlib/libc/tinystdio -I/opt/Litex/pythondata-software-picolibc/pythondata_software_picolibc/data/newlib/libc/include -I/opt/Litex/litex/litex/soc/software/libbase -I/opt/Litex/litex/litex/soc/software/include -I/opt/Litex/litex/litex/soc/software -I/home/alex/Digital2/Material_Laboratorio_Digital2/SoC_project/build/nexys4/software/include -I/home/alex/Digital2/Material_Laboratorio_Digital2/SoC_project/build/nexys4/software/include/../libc -I/opt/Litex/litex/litex/soc/cores/cpu/picorv32 /home/alex/Digital2/Material_Laboratorio_Digital2/SoC_project/build/nexys4/software/libc/meson-private/tmpldke2qny/testfile.c -o /home/alex/Digital2/Material_Laboratorio_Digital2/SoC_project/build/nexys4/software/libc/meson-private/tmpldke2qny/output.obj -c -Os -mno-save-restore -march=rv32im -mabi=ilp32 -D__picorv32__ -g3 -fomit-frame-pointer -Wall -fno-builtin -fno-stack-protector -fexceptions -Wpragmas -D_FILE_OFFSET_BITS=64 -O0 -std=c18 

Code:
 
#include <float.h>
char size_test[__LDBL_MANT_DIG__ == 64 ? 1 : -1];

Compiler stdout:
 
Compiler stderr:
 /home/alex/Digital2/Material_Laboratorio_Digital2/SoC_project/build/nexys4/software/libc/meson-private/tmpldke2qny/testfile.c:3:6: error: size of array 'size_test' is negative
 char size_test[__LDBL_MANT_DIG__ == 64 ? 1 : -1];
      ^~~~~~~~~

Checking if "long double mantissa is 64 bits" : compiles: NO 
Running compile:
Working directory:  /home/alex/Digital2/Material_Laboratorio_Digital2/SoC_project/build/nexys4/software/libc/meson-private/tmpvql6y34j
Command line:  riscv64-unknown-elf-gcc -I/opt/Litex/pythondata-software-picolibc/pythondata_software_picolibc/data/newlib/libc/tinystdio -I/opt/Litex/pythondata-software-picolibc/pythondata_software_picolibc/data/newlib/libc/include -I/opt/Litex/litex/litex/soc/software/libbase -I/opt/Litex/litex/litex/soc/software/include -I/opt/Litex/litex/litex/soc/software -I/home/alex/Digital2/Material_Laboratorio_Digital2/SoC_project/build/nexys4/software/include -I/home/alex/Digital2/Material_Laboratorio_Digital2/SoC_project/build/nexys4/software/include/../libc -I/opt/Litex/litex/litex/soc/cores/cpu/picorv32 /home/alex/Digital2/Material_Laboratorio_Digital2/SoC_project/build/nexys4/software/libc/meson-private/tmpvql6y34j/testfile.c -o /home/alex/Digital2/Material_Laboratorio_Digital2/SoC_project/build/nexys4/software/libc/meson-private/tmpvql6y34j/output.obj -c -Os -mno-save-restore -march=rv32im -mabi=ilp32 -D__picorv32__ -g3 -fomit-frame-pointer -Wall -fno-builtin -fno-stack-protector -fexceptions -Wpragmas -D_FILE_OFFSET_BITS=64 -O0 -std=c18 

Code:
 
#include <float.h>
char size_test[__LDBL_MANT_DIG__ == 113 ? 1 : -1];

Compiler stdout:
 
Compiler stderr:
 
Checking if "long double mantissa is 113 bits" : compiles: YES 
Running compile:
Working directory:  /home/alex/Digital2/Material_Laboratorio_Digital2/SoC_project/build/nexys4/software/libc/meson-private/tmpkhofltmm
Command line:  riscv64-unknown-elf-gcc -I/opt/Litex/pythondata-software-picolibc/pythondata_software_picolibc/data/newlib/libc/tinystdio -I/opt/Litex/pythondata-software-picolibc/pythondata_software_picolibc/data/newlib/libc/include -I/opt/Litex/litex/litex/soc/software/libbase -I/opt/Litex/litex/litex/soc/software/include -I/opt/Litex/litex/litex/soc/software -I/home/alex/Digital2/Material_Laboratorio_Digital2/SoC_project/build/nexys4/software/include -I/home/alex/Digital2/Material_Laboratorio_Digital2/SoC_project/build/nexys4/software/include/../libc -I/opt/Litex/litex/litex/soc/cores/cpu/picorv32 /home/alex/Digital2/Material_Laboratorio_Digital2/SoC_project/build/nexys4/software/libc/meson-private/tmpkhofltmm/testfile.c -o /home/alex/Digital2/Material_Laboratorio_Digital2/SoC_project/build/nexys4/software/libc/meson-private/tmpkhofltmm/output.obj -c -Os -mno-save-restore -march=rv32im -mabi=ilp32 -D__picorv32__ -g3 -fomit-frame-pointer -Wall -fno-builtin -fno-stack-protector -fexceptions -Wpragmas -D_FILE_OFFSET_BITS=64 -O0 -fno-common 

Code:
 extern int i;
int i;

Compiler stdout:
 
Compiler stderr:
 
Compiler for C supports arguments -fno-common: YES 
Running compile:
Working directory:  /home/alex/Digital2/Material_Laboratorio_Digital2/SoC_project/build/nexys4/software/libc/meson-private/tmp5fhp4oqp
Command line:  riscv64-unknown-elf-gcc -I/opt/Litex/pythondata-software-picolibc/pythondata_software_picolibc/data/newlib/libc/tinystdio -I/opt/Litex/pythondata-software-picolibc/pythondata_software_picolibc/data/newlib/libc/include -I/opt/Litex/litex/litex/soc/software/libbase -I/opt/Litex/litex/litex/soc/software/include -I/opt/Litex/litex/litex/soc/software -I/home/alex/Digital2/Material_Laboratorio_Digital2/SoC_project/build/nexys4/software/include -I/home/alex/Digital2/Material_Laboratorio_Digital2/SoC_project/build/nexys4/software/include/../libc -I/opt/Litex/litex/litex/soc/cores/cpu/picorv32 /home/alex/Digital2/Material_Laboratorio_Digital2/SoC_project/build/nexys4/software/libc/meson-private/tmp5fhp4oqp/testfile.c -o /home/alex/Digital2/Material_Laboratorio_Digital2/SoC_project/build/nexys4/software/libc/meson-private/tmp5fhp4oqp/output.obj -c -Os -mno-save-restore -march=rv32im -mabi=ilp32 -D__picorv32__ -g3 -fomit-frame-pointer -Wall -fno-builtin -fno-stack-protector -fexceptions -Wpragmas -D_FILE_OFFSET_BITS=64 -O0 -frounding-math 

Code:
 extern int i;
int i;

Compiler stdout:
 
Compiler stderr:
 
Compiler for C supports arguments -frounding-math: YES 
Running compile:
Working directory:  /home/alex/Digital2/Material_Laboratorio_Digital2/SoC_project/build/nexys4/software/libc/meson-private/tmpcukt53gt
Command line:  riscv64-unknown-elf-gcc -I/opt/Litex/pythondata-software-picolibc/pythondata_software_picolibc/data/newlib/libc/tinystdio -I/opt/Litex/pythondata-software-picolibc/pythondata_software_picolibc/data/newlib/libc/include -I/opt/Litex/litex/litex/soc/software/libbase -I/opt/Litex/litex/litex/soc/software/include -I/opt/Litex/litex/litex/soc/software -I/home/alex/Digital2/Material_Laboratorio_Digital2/SoC_project/build/nexys4/software/include -I/home/alex/Digital2/Material_Laboratorio_Digital2/SoC_project/build/nexys4/software/include/../libc -I/opt/Litex/litex/litex/soc/cores/cpu/picorv32 /home/alex/Digital2/Material_Laboratorio_Digital2/SoC_project/build/nexys4/software/libc/meson-private/tmpcukt53gt/testfile.c -o /home/alex/Digital2/Material_Laboratorio_Digital2/SoC_project/build/nexys4/software/libc/meson-private/tmpcukt53gt/output.obj -c -Os -mno-save-restore -march=rv32im -mabi=ilp32 -D__picorv32__ -g3 -fomit-frame-pointer -Wall -fno-builtin -fno-stack-protector -fexceptions -Wpragmas -D_FILE_OFFSET_BITS=64 -O0 -Wunsupported-floating-point-opt -Wno-unsupported-floating-point-opt 

Code:
 extern int i;
int i;

Compiler stdout:
 
Compiler stderr:
 riscv64-unknown-elf-gcc: error: unrecognized command line option '-Wunsupported-floating-point-opt'; did you mean '-Wunsuffixed-float-constants'?

Compiler for C supports arguments -Wno-unsupported-floating-point-opt: NO 
Running compile:
Working directory:  /home/alex/Digital2/Material_Laboratorio_Digital2/SoC_project/build/nexys4/software/libc/meson-private/tmpujbcy8ke
Command line:  riscv64-unknown-elf-gcc -I/opt/Litex/pythondata-software-picolibc/pythondata_software_picolibc/data/newlib/libc/tinystdio -I/opt/Litex/pythondata-software-picolibc/pythondata_software_picolibc/data/newlib/libc/include -I/opt/Litex/litex/litex/soc/software/libbase -I/opt/Litex/litex/litex/soc/software/include -I/opt/Litex/litex/litex/soc/software -I/home/alex/Digital2/Material_Laboratorio_Digital2/SoC_project/build/nexys4/software/include -I/home/alex/Digital2/Material_Laboratorio_Digital2/SoC_project/build/nexys4/software/include/../libc -I/opt/Litex/litex/litex/soc/cores/cpu/picorv32 /home/alex/Digital2/Material_Laboratorio_Digital2/SoC_project/build/nexys4/software/libc/meson-private/tmpujbcy8ke/testfile.c -o /home/alex/Digital2/Material_Laboratorio_Digital2/SoC_project/build/nexys4/software/libc/meson-private/tmpujbcy8ke/output.obj -c -Os -mno-save-restore -march=rv32im -mabi=ilp32 -D__picorv32__ -g3 -fomit-frame-pointer -Wall -fno-builtin -fno-stack-protector -fexceptions -Wpragmas -D_FILE_OFFSET_BITS=64 -O0 -fno-stack-protector 

Code:
 extern int i;
int i;

Compiler stdout:
 
Compiler stderr:
 
Compiler for C supports arguments -fno-stack-protector: YES 
Running compile:
Working directory:  /home/alex/Digital2/Material_Laboratorio_Digital2/SoC_project/build/nexys4/software/libc/meson-private/tmpkrabiwyo
Command line:  riscv64-unknown-elf-gcc -I/opt/Litex/pythondata-software-picolibc/pythondata_software_picolibc/data/newlib/libc/tinystdio -I/opt/Litex/pythondata-software-picolibc/pythondata_software_picolibc/data/newlib/libc/include -I/opt/Litex/litex/litex/soc/software/libbase -I/opt/Litex/litex/litex/soc/software/include -I/opt/Litex/litex/litex/soc/software -I/home/alex/Digital2/Material_Laboratorio_Digital2/SoC_project/build/nexys4/software/include -I/home/alex/Digital2/Material_Laboratorio_Digital2/SoC_project/build/nexys4/software/include/../libc -I/opt/Litex/litex/litex/soc/cores/cpu/picorv32 /home/alex/Digital2/Material_Laboratorio_Digital2/SoC_project/build/nexys4/software/libc/meson-private/tmpkrabiwyo/testfile.c -o /home/alex/Digital2/Material_Laboratorio_Digital2/SoC_project/build/nexys4/software/libc/meson-private/tmpkrabiwyo/output.obj -c -Os -mno-save-restore -march=rv32im -mabi=ilp32 -D__picorv32__ -g3 -fomit-frame-pointer -Wall -fno-builtin -fno-stack-protector -fexceptions -Wpragmas -D_FILE_OFFSET_BITS=64 -O0 -O0 

Code:
 #ifdef __cplusplus
        extern "C" {
        #endif
        void meson_uscore_prefix (void) {}
        #ifdef __cplusplus
        }
        #endif
        
Compiler stdout:
 
Compiler stderr:
 
Symbols have underscore prefix: NO
Program riscv64-unknown-elf-gcc-nm found: YES
Program scripts/duplicate-names found: YES (/opt/Litex/pythondata-software-picolibc/pythondata_software_picolibc/data/scripts/duplicate-names)
Running compile:
Working directory:  /home/alex/Digital2/Material_Laboratorio_Digital2/SoC_project/build/nexys4/software/libc/meson-private/tmpz4ejfgw3
Command line:  riscv64-unknown-elf-gcc -L/home/alex/Digital2/Material_Laboratorio_Digital2/SoC_project/build/nexys4/software/include -I/opt/Litex/pythondata-software-picolibc/pythondata_software_picolibc/data/newlib/libc/tinystdio -I/opt/Litex/pythondata-software-picolibc/pythondata_software_picolibc/data/newlib/libc/include -I/opt/Litex/litex/litex/soc/software/libbase -I/opt/Litex/litex/litex/soc/software/include -I/opt/Litex/litex/litex/soc/software -I/home/alex/Digital2/Material_Laboratorio_Digital2/SoC_project/build/nexys4/software/include -I/home/alex/Digital2/Material_Laboratorio_Digital2/SoC_project/build/nexys4/software/include/../libc -I/opt/Litex/litex/litex/soc/cores/cpu/picorv32 /home/alex/Digital2/Material_Laboratorio_Digital2/SoC_project/build/nexys4/software/libc/meson-private/tmpz4ejfgw3/testfile.c -o /home/alex/Digital2/Material_Laboratorio_Digital2/SoC_project/build/nexys4/software/libc/meson-private/tmpz4ejfgw3/output.exe -Os -mno-save-restore -march=rv32im -mabi=ilp32 -D__picorv32__ -g3 -fomit-frame-pointer -Wall -fno-builtin -fno-stack-protector -fexceptions -Wpragmas -D_FILE_OFFSET_BITS=64 -O0 -Wl,--fatal-warnings -Wl,--defsym=_start=0 -nostdlib -nodefaultlibs -Wl,--no-dynamic-linker -Wl,--build-id=none -MD -MP 

Code:
 int main(void) { return 0; }

Compiler stdout:
 
Compiler stderr:
 
Compiler for C supports link arguments -Wl,--defsym=_start=0: YES 
Running compile:
Working directory:  /home/alex/Digital2/Material_Laboratorio_Digital2/SoC_project/build/nexys4/software/libc/meson-private/tmp98vlcscp
Command line:  riscv64-unknown-elf-gcc -L/home/alex/Digital2/Material_Laboratorio_Digital2/SoC_project/build/nexys4/software/include -I/opt/Litex/pythondata-software-picolibc/pythondata_software_picolibc/data/newlib/libc/tinystdio -I/opt/Litex/pythondata-software-picolibc/pythondata_software_picolibc/data/newlib/libc/include -I/opt/Litex/litex/litex/soc/software/libbase -I/opt/Litex/litex/litex/soc/software/include -I/opt/Litex/litex/litex/soc/software -I/home/alex/Digital2/Material_Laboratorio_Digital2/SoC_project/build/nexys4/software/include -I/home/alex/Digital2/Material_Laboratorio_Digital2/SoC_project/build/nexys4/software/include/../libc -I/opt/Litex/litex/litex/soc/cores/cpu/picorv32 /home/alex/Digital2/Material_Laboratorio_Digital2/SoC_project/build/nexys4/software/libc/meson-private/tmp98vlcscp/testfile.c -o /home/alex/Digital2/Material_Laboratorio_Digital2/SoC_project/build/nexys4/software/libc/meson-private/tmp98vlcscp/output.exe -Os -mno-save-restore -march=rv32im -mabi=ilp32 -D__picorv32__ -g3 -fomit-frame-pointer -Wall -fno-builtin -fno-stack-protector -fexceptions -Wpragmas -D_FILE_OFFSET_BITS=64 -O0 -Wl,--fatal-warnings -Wl,-alias,main,testalias -nostdlib -nodefaultlibs -Wl,--no-dynamic-linker -Wl,--build-id=none -MD -MP 

Code:
 int main(void) { return 0; }

Compiler stdout:
 
Compiler stderr:
 /opt/Litex/riscv64-unknown-elf-gcc-8.3.0-2019.08.0-x86_64-linux-ubuntu14/bin/../lib/gcc/riscv64-unknown-elf/8.3.0/../../../../riscv64-unknown-elf/bin/ld: unrecognized -a option `lias'
collect2: error: ld returned 1 exit status

Compiler for C supports link arguments -Wl,-alias,main,testalias: NO 
Running compile:
Working directory:  /home/alex/Digital2/Material_Laboratorio_Digital2/SoC_project/build/nexys4/software/libc/meson-private/tmpeoleo_2g
Command line:  riscv64-unknown-elf-gcc -I/opt/Litex/pythondata-software-picolibc/pythondata_software_picolibc/data/newlib/libc/tinystdio -I/opt/Litex/pythondata-software-picolibc/pythondata_software_picolibc/data/newlib/libc/include -I/opt/Litex/litex/litex/soc/software/libbase -I/opt/Litex/litex/litex/soc/software/include -I/opt/Litex/litex/litex/soc/software -I/home/alex/Digital2/Material_Laboratorio_Digital2/SoC_project/build/nexys4/software/include -I/home/alex/Digital2/Material_Laboratorio_Digital2/SoC_project/build/nexys4/software/include/../libc -I/opt/Litex/litex/litex/soc/cores/cpu/picorv32 /home/alex/Digital2/Material_Laboratorio_Digital2/SoC_project/build/nexys4/software/libc/meson-private/tmpeoleo_2g/testfile.c -o /home/alex/Digital2/Material_Laboratorio_Digital2/SoC_project/build/nexys4/software/libc/meson-private/tmpeoleo_2g/output.obj -c -Os -mno-save-restore -march=rv32im -mabi=ilp32 -D__picorv32__ -g3 -fomit-frame-pointer -Wall -fno-builtin -fno-stack-protector -fexceptions -Wpragmas -D_FILE_OFFSET_BITS=64 -O0 -Werror=attributes 

Code:
 
        int foo(void) { return 0; }
        int bar(void) __attribute__((alias("foo")));
Compiler stdout:
 
Compiler stderr:
 
Compiler for C supports function attribute alias: YES 
Running compile:
Working directory:  /home/alex/Digital2/Material_Laboratorio_Digital2/SoC_project/build/nexys4/software/libc/meson-private/tmp4pxn18zh
Command line:  riscv64-unknown-elf-gcc -I/opt/Litex/pythondata-software-picolibc/pythondata_software_picolibc/data/newlib/libc/tinystdio -I/opt/Litex/pythondata-software-picolibc/pythondata_software_picolibc/data/newlib/libc/include -I/opt/Litex/litex/litex/soc/software/libbase -I/opt/Litex/litex/litex/soc/software/include -I/opt/Litex/litex/litex/soc/software -I/home/alex/Digital2/Material_Laboratorio_Digital2/SoC_project/build/nexys4/software/include -I/home/alex/Digital2/Material_Laboratorio_Digital2/SoC_project/build/nexys4/software/include/../libc -I/opt/Litex/litex/litex/soc/cores/cpu/picorv32 /home/alex/Digital2/Material_Laboratorio_Digital2/SoC_project/build/nexys4/software/libc/meson-private/tmp4pxn18zh/testfile.c -o /home/alex/Digital2/Material_Laboratorio_Digital2/SoC_project/build/nexys4/software/libc/meson-private/tmp4pxn18zh/output.obj -c -Os -mno-save-restore -march=rv32im -mabi=ilp32 -D__picorv32__ -g3 -fomit-frame-pointer -Wall -fno-builtin -fno-stack-protector -fexceptions -Wpragmas -D_FILE_OFFSET_BITS=64 -O0 -Werror=attributes 

Code:
 int foo(const char * p, ...) __attribute__((format(printf, 1, 2)));
Compiler stdout:
 
Compiler stderr:
 
Compiler for C supports function attribute format: YES 
WARNING: You should add the boolean check kwarg to the run_command call.
         It currently defaults to false,
         but it will default to true in future releases of meson.
         See also: https://github.com/mesonbuild/meson/issues/9300
Running command: /opt/Litex/riscv64-unknown-elf-gcc-8.3.0-2019.08.0-x86_64-linux-ubuntu14/bin/riscv64-unknown-elf-gcc -print-search-dirs
--- stdout ---
install: /opt/Litex/riscv64-unknown-elf-gcc-8.3.0-2019.08.0-x86_64-linux-ubuntu14/bin/../lib/gcc/riscv64-unknown-elf/8.3.0/
programs: =/opt/Litex/riscv64-unknown-elf-gcc-8.3.0-2019.08.0-x86_64-linux-ubuntu14/bin/../libexec/gcc/riscv64-unknown-elf/8.3.0/:/opt/Litex/riscv64-unknown-elf-gcc-8.3.0-2019.08.0-x86_64-linux-ubuntu14/bin/../libexec/gcc/:/opt/Litex/riscv64-unknown-elf-gcc-8.3.0-2019.08.0-x86_64-linux-ubuntu14/bin/../lib/gcc/riscv64-unknown-elf/8.3.0/../../../../riscv64-unknown-elf/bin/riscv64-unknown-elf/8.3.0/:/opt/Litex/riscv64-unknown-elf-gcc-8.3.0-2019.08.0-x86_64-linux-ubuntu14/bin/../lib/gcc/riscv64-unknown-elf/8.3.0/../../../../riscv64-unknown-elf/bin/
libraries: =/opt/Litex/riscv64-unknown-elf-gcc-8.3.0-2019.08.0-x86_64-linux-ubuntu14/bin/../lib/gcc/riscv64-unknown-elf/8.3.0/rv64imafdc/lp64d/:/opt/Litex/riscv64-unknown-elf-gcc-8.3.0-2019.08.0-x86_64-linux-ubuntu14/bin/../lib/gcc/rv64imafdc/lp64d/:/opt/Litex/riscv64-unknown-elf-gcc-8.3.0-2019.08.0-x86_64-linux-ubuntu14/bin/../lib/gcc/riscv64-unknown-elf/8.3.0/../../../../riscv64-unknown-elf/lib/riscv64-unknown-elf/8.3.0/rv64imafdc/lp64d/:/opt/Litex/riscv64-unknown-elf-gcc-8.3.0-2019.08.0-x86_64-linux-ubuntu14/bin/../lib/gcc/riscv64-unknown-elf/8.3.0/../../../../riscv64-unknown-elf/lib/rv64imafdc/lp64d/:/opt/Litex/riscv64-unknown-elf-gcc-8.3.0-2019.08.0-x86_64-linux-ubuntu14/bin/../riscv64-unknown-elf/lib/riscv64-unknown-elf/8.3.0/rv64imafdc/lp64d/:/opt/Litex/riscv64-unknown-elf-gcc-8.3.0-2019.08.0-x86_64-linux-ubuntu14/bin/../riscv64-unknown-elf/lib/rv64imafdc/lp64d/:/opt/Litex/riscv64-unknown-elf-gcc-8.3.0-2019.08.0-x86_64-linux-ubuntu14/bin/../riscv64-unknown-elf/usr/lib/riscv64-unknown-elf/8.3.0/rv64imafdc/lp64d/:/opt/Litex/riscv64-unknown-elf-gcc-8.3.0-2019.08.0-x86_64-linux-ubuntu14/bin/../riscv64-unknown-elf/usr/lib/rv64imafdc/lp64d/:/opt/Litex/riscv64-unknown-elf-gcc-8.3.0-2019.08.0-x86_64-linux-ubuntu14/bin/../lib/gcc/riscv64-unknown-elf/8.3.0/:/opt/Litex/riscv64-unknown-elf-gcc-8.3.0-2019.08.0-x86_64-linux-ubuntu14/bin/../lib/gcc/:/opt/Litex/riscv64-unknown-elf-gcc-8.3.0-2019.08.0-x86_64-linux-ubuntu14/bin/../lib/gcc/riscv64-unknown-elf/8.3.0/../../../../riscv64-unknown-elf/lib/riscv64-unknown-elf/8.3.0/:/opt/Litex/riscv64-unknown-elf-gcc-8.3.0-2019.08.0-x86_64-linux-ubuntu14/bin/../lib/gcc/riscv64-unknown-elf/8.3.0/../../../../riscv64-unknown-elf/lib/:/opt/Litex/riscv64-unknown-elf-gcc-8.3.0-2019.08.0-x86_64-linux-ubuntu14/bin/../riscv64-unknown-elf/lib/riscv64-unknown-elf/8.3.0/:/opt/Litex/riscv64-unknown-elf-gcc-8.3.0-2019.08.0-x86_64-linux-ubuntu14/bin/../riscv64-unknown-elf/lib/:/opt/Litex/riscv64-unknown-elf-gcc-8.3.0-2019.08.0-x86_64-linux-ubuntu14/bin/../riscv64-unknown-elf/usr/lib/riscv64-unknown-elf/8.3.0/:/opt/Litex/riscv64-unknown-elf-gcc-8.3.0-2019.08.0-x86_64-linux-ubuntu14/bin/../riscv64-unknown-elf/usr/lib/

--- stderr ---


Running command: /usr/bin/expr install: /opt/Litex/riscv64-unknown-elf-gcc-8.3.0-2019.08.0-x86_64-linux-ubuntu14/bin/../lib/gcc/riscv64-unknown-elf/8.3.0/ : install: *\(.*\)
--- stdout ---
/opt/Litex/riscv64-unknown-elf-gcc-8.3.0-2019.08.0-x86_64-linux-ubuntu14/bin/../lib/gcc/riscv64-unknown-elf/8.3.0/

--- stderr ---


Configuring picolibc.specs using configuration
Configuring picolibcpp.specs using configuration
Configuring test.specs using configuration
Configuring picolibc.ld using configuration
Configuring picolibcpp.ld using configuration
Running compile:
Working directory:  /home/alex/Digital2/Material_Laboratorio_Digital2/SoC_project/build/nexys4/software/libc/meson-private/tmpq220h7x2
Command line:  riscv64-unknown-elf-gcc -I/opt/Litex/pythondata-software-picolibc/pythondata_software_picolibc/data/newlib/libc/tinystdio -I/opt/Litex/pythondata-software-picolibc/pythondata_software_picolibc/data/newlib/libc/include -I/opt/Litex/litex/litex/soc/software/libbase -I/opt/Litex/litex/litex/soc/software/include -I/opt/Litex/litex/litex/soc/software -I/home/alex/Digital2/Material_Laboratorio_Digital2/SoC_project/build/nexys4/software/include -I/home/alex/Digital2/Material_Laboratorio_Digital2/SoC_project/build/nexys4/software/include/../libc -I/opt/Litex/litex/litex/soc/cores/cpu/picorv32 /home/alex/Digital2/Material_Laboratorio_Digital2/SoC_project/build/nexys4/software/libc/meson-private/tmpq220h7x2/testfile.c -o /home/alex/Digital2/Material_Laboratorio_Digital2/SoC_project/build/nexys4/software/libc/meson-private/tmpq220h7x2/output.obj -c -Os -mno-save-restore -march=rv32im -mabi=ilp32 -D__picorv32__ -g3 -fomit-frame-pointer -Wall -fno-builtin -fno-stack-protector -fexceptions -Wpragmas -D_FILE_OFFSET_BITS=64 -O0 -Werror=implicit-function-declaration 

Code:
 extern int i;
int i;

Compiler stdout:
 
Compiler stderr:
 
Compiler for C supports arguments -Werror=implicit-function-declaration: YES 
Running compile:
Working directory:  /home/alex/Digital2/Material_Laboratorio_Digital2/SoC_project/build/nexys4/software/libc/meson-private/tmpvq29bdtn
Command line:  riscv64-unknown-elf-gcc -I/opt/Litex/pythondata-software-picolibc/pythondata_software_picolibc/data/newlib/libc/tinystdio -I/opt/Litex/pythondata-software-picolibc/pythondata_software_picolibc/data/newlib/libc/include -I/opt/Litex/litex/litex/soc/software/libbase -I/opt/Litex/litex/litex/soc/software/include -I/opt/Litex/litex/litex/soc/software -I/home/alex/Digital2/Material_Laboratorio_Digital2/SoC_project/build/nexys4/software/include -I/home/alex/Digital2/Material_Laboratorio_Digital2/SoC_project/build/nexys4/software/include/../libc -I/opt/Litex/litex/litex/soc/cores/cpu/picorv32 /home/alex/Digital2/Material_Laboratorio_Digital2/SoC_project/build/nexys4/software/libc/meson-private/tmpvq29bdtn/testfile.c -o /home/alex/Digital2/Material_Laboratorio_Digital2/SoC_project/build/nexys4/software/libc/meson-private/tmpvq29bdtn/output.obj -c -Os -mno-save-restore -march=rv32im -mabi=ilp32 -D__picorv32__ -g3 -fomit-frame-pointer -Wall -fno-builtin -fno-stack-protector -fexceptions -Wpragmas -D_FILE_OFFSET_BITS=64 -O0 -Werror=vla 

Code:
 extern int i;
int i;

Compiler stdout:
 
Compiler stderr:
 
Compiler for C supports arguments -Werror=vla: YES 
Running compile:
Working directory:  /home/alex/Digital2/Material_Laboratorio_Digital2/SoC_project/build/nexys4/software/libc/meson-private/tmpi1kbtgkh
Command line:  riscv64-unknown-elf-gcc -I/opt/Litex/pythondata-software-picolibc/pythondata_software_picolibc/data/newlib/libc/tinystdio -I/opt/Litex/pythondata-software-picolibc/pythondata_software_picolibc/data/newlib/libc/include -I/opt/Litex/litex/litex/soc/software/libbase -I/opt/Litex/litex/litex/soc/software/include -I/opt/Litex/litex/litex/soc/software -I/home/alex/Digital2/Material_Laboratorio_Digital2/SoC_project/build/nexys4/software/include -I/home/alex/Digital2/Material_Laboratorio_Digital2/SoC_project/build/nexys4/software/include/../libc -I/opt/Litex/litex/litex/soc/cores/cpu/picorv32 /home/alex/Digital2/Material_Laboratorio_Digital2/SoC_project/build/nexys4/software/libc/meson-private/tmpi1kbtgkh/testfile.c -o /home/alex/Digital2/Material_Laboratorio_Digital2/SoC_project/build/nexys4/software/libc/meson-private/tmpi1kbtgkh/output.obj -c -Os -mno-save-restore -march=rv32im -mabi=ilp32 -D__picorv32__ -g3 -fomit-frame-pointer -Wall -fno-builtin -fno-stack-protector -fexceptions -Wpragmas -D_FILE_OFFSET_BITS=64 -O0 -Warray-bounds 

Code:
 extern int i;
int i;

Compiler stdout:
 
Compiler stderr:
 
Compiler for C supports arguments -Warray-bounds: YES 
Running compile:
Working directory:  /home/alex/Digital2/Material_Laboratorio_Digital2/SoC_project/build/nexys4/software/libc/meson-private/tmp7dsps65w
Command line:  riscv64-unknown-elf-gcc -I/opt/Litex/pythondata-software-picolibc/pythondata_software_picolibc/data/newlib/libc/tinystdio -I/opt/Litex/pythondata-software-picolibc/pythondata_software_picolibc/data/newlib/libc/include -I/opt/Litex/litex/litex/soc/software/libbase -I/opt/Litex/litex/litex/soc/software/include -I/opt/Litex/litex/litex/soc/software -I/home/alex/Digital2/Material_Laboratorio_Digital2/SoC_project/build/nexys4/software/include -I/home/alex/Digital2/Material_Laboratorio_Digital2/SoC_project/build/nexys4/software/include/../libc -I/opt/Litex/litex/litex/soc/cores/cpu/picorv32 /home/alex/Digital2/Material_Laboratorio_Digital2/SoC_project/build/nexys4/software/libc/meson-private/tmp7dsps65w/testfile.c -o /home/alex/Digital2/Material_Laboratorio_Digital2/SoC_project/build/nexys4/software/libc/meson-private/tmp7dsps65w/output.obj -c -Os -mno-save-restore -march=rv32im -mabi=ilp32 -D__picorv32__ -g3 -fomit-frame-pointer -Wall -fno-builtin -fno-stack-protector -fexceptions -Wpragmas -D_FILE_OFFSET_BITS=64 -O0 -Wold-style-definition 

Code:
 extern int i;
int i;

Compiler stdout:
 
Compiler stderr:
 
Compiler for C supports arguments -Wold-style-definition: YES 
Running compile:
Working directory:  /home/alex/Digital2/Material_Laboratorio_Digital2/SoC_project/build/nexys4/software/libc/meson-private/tmpwsoxwubs
Command line:  riscv64-unknown-elf-gcc -I/opt/Litex/pythondata-software-picolibc/pythondata_software_picolibc/data/newlib/libc/tinystdio -I/opt/Litex/pythondata-software-picolibc/pythondata_software_picolibc/data/newlib/libc/include -I/opt/Litex/litex/litex/soc/software/libbase -I/opt/Litex/litex/litex/soc/software/include -I/opt/Litex/litex/litex/soc/software -I/home/alex/Digital2/Material_Laboratorio_Digital2/SoC_project/build/nexys4/software/include -I/home/alex/Digital2/Material_Laboratorio_Digital2/SoC_project/build/nexys4/software/include/../libc -I/opt/Litex/litex/litex/soc/cores/cpu/picorv32 /home/alex/Digital2/Material_Laboratorio_Digital2/SoC_project/build/nexys4/software/libc/meson-private/tmpwsoxwubs/testfile.c -o /home/alex/Digital2/Material_Laboratorio_Digital2/SoC_project/build/nexys4/software/libc/meson-private/tmpwsoxwubs/output.obj -c -Os -mno-save-restore -march=rv32im -mabi=ilp32 -D__picorv32__ -g3 -fomit-frame-pointer -Wall -fno-builtin -fno-stack-protector -fexceptions -Wpragmas -D_FILE_OFFSET_BITS=64 -O0 -Wmissing-braces -Wno-missing-braces 

Code:
 extern int i;
int i;

Compiler stdout:
 
Compiler stderr:
 
Compiler for C supports arguments -Wno-missing-braces: YES 
Running compile:
Working directory:  /home/alex/Digital2/Material_Laboratorio_Digital2/SoC_project/build/nexys4/software/libc/meson-private/tmpiex7z4o2
Command line:  riscv64-unknown-elf-gcc -I/opt/Litex/pythondata-software-picolibc/pythondata_software_picolibc/data/newlib/libc/tinystdio -I/opt/Litex/pythondata-software-picolibc/pythondata_software_picolibc/data/newlib/libc/include -I/opt/Litex/litex/litex/soc/software/libbase -I/opt/Litex/litex/litex/soc/software/include -I/opt/Litex/litex/litex/soc/software -I/home/alex/Digital2/Material_Laboratorio_Digital2/SoC_project/build/nexys4/software/include -I/home/alex/Digital2/Material_Laboratorio_Digital2/SoC_project/build/nexys4/software/include/../libc -I/opt/Litex/litex/litex/soc/cores/cpu/picorv32 /home/alex/Digital2/Material_Laboratorio_Digital2/SoC_project/build/nexys4/software/libc/meson-private/tmpiex7z4o2/testfile.c -o /home/alex/Digital2/Material_Laboratorio_Digital2/SoC_project/build/nexys4/software/libc/meson-private/tmpiex7z4o2/output.obj -c -Os -mno-save-restore -march=rv32im -mabi=ilp32 -D__picorv32__ -g3 -fomit-frame-pointer -Wall -fno-builtin -fno-stack-protector -fexceptions -Wpragmas -D_FILE_OFFSET_BITS=64 -O0 -Wimplicit-int -Wno-implicit-int 

Code:
 extern int i;
int i;

Compiler stdout:
 
Compiler stderr:
 
Compiler for C supports arguments -Wno-implicit-int: YES 
Running compile:
Working directory:  /home/alex/Digital2/Material_Laboratorio_Digital2/SoC_project/build/nexys4/software/libc/meson-private/tmpeuqb5x5c
Command line:  riscv64-unknown-elf-gcc -I/opt/Litex/pythondata-software-picolibc/pythondata_software_picolibc/data/newlib/libc/tinystdio -I/opt/Litex/pythondata-software-picolibc/pythondata_software_picolibc/data/newlib/libc/include -I/opt/Litex/litex/litex/soc/software/libbase -I/opt/Litex/litex/litex/soc/software/include -I/opt/Litex/litex/litex/soc/software -I/home/alex/Digital2/Material_Laboratorio_Digital2/SoC_project/build/nexys4/software/include -I/home/alex/Digital2/Material_Laboratorio_Digital2/SoC_project/build/nexys4/software/include/../libc -I/opt/Litex/litex/litex/soc/cores/cpu/picorv32 /home/alex/Digital2/Material_Laboratorio_Digital2/SoC_project/build/nexys4/software/libc/meson-private/tmpeuqb5x5c/testfile.c -o /home/alex/Digital2/Material_Laboratorio_Digital2/SoC_project/build/nexys4/software/libc/meson-private/tmpeuqb5x5c/output.obj -c -Os -mno-save-restore -march=rv32im -mabi=ilp32 -D__picorv32__ -g3 -fomit-frame-pointer -Wall -fno-builtin -fno-stack-protector -fexceptions -Wpragmas -D_FILE_OFFSET_BITS=64 -O0 -Wreturn-type -Wno-return-type 

Code:
 extern int i;
int i;

Compiler stdout:
 
Compiler stderr:
 
Compiler for C supports arguments -Wno-return-type: YES 
Running compile:
Working directory:  /home/alex/Digital2/Material_Laboratorio_Digital2/SoC_project/build/nexys4/software/libc/meson-private/tmp4sd32lyo
Command line:  riscv64-unknown-elf-gcc -I/opt/Litex/pythondata-software-picolibc/pythondata_software_picolibc/data/newlib/libc/tinystdio -I/opt/Litex/pythondata-software-picolibc/pythondata_software_picolibc/data/newlib/libc/include -I/opt/Litex/litex/litex/soc/software/libbase -I/opt/Litex/litex/litex/soc/software/include -I/opt/Litex/litex/litex/soc/software -I/home/alex/Digital2/Material_Laboratorio_Digital2/SoC_project/build/nexys4/software/include -I/home/alex/Digital2/Material_Laboratorio_Digital2/SoC_project/build/nexys4/software/include/../libc -I/opt/Litex/litex/litex/soc/cores/cpu/picorv32 /home/alex/Digital2/Material_Laboratorio_Digital2/SoC_project/build/nexys4/software/libc/meson-private/tmp4sd32lyo/testfile.c -o /home/alex/Digital2/Material_Laboratorio_Digital2/SoC_project/build/nexys4/software/libc/meson-private/tmp4sd32lyo/output.obj -c -Os -mno-save-restore -march=rv32im -mabi=ilp32 -D__picorv32__ -g3 -fomit-frame-pointer -Wall -fno-builtin -fno-stack-protector -fexceptions -Wpragmas -D_FILE_OFFSET_BITS=64 -O0 -Wunused-command-line-argument -Wno-unused-command-line-argument 

Code:
 extern int i;
int i;

Compiler stdout:
 
Compiler stderr:
 riscv64-unknown-elf-gcc: error: unrecognized command line option '-Wunused-command-line-argument'; did you mean '-Wunused-dummy-argument'?

Compiler for C supports arguments -Wno-unused-command-line-argument: NO 
Running compile:
Working directory:  /home/alex/Digital2/Material_Laboratorio_Digital2/SoC_project/build/nexys4/software/libc/meson-private/tmpfi_bsvi1
Command line:  riscv64-unknown-elf-gcc -I/opt/Litex/pythondata-software-picolibc/pythondata_software_picolibc/data/newlib/libc/tinystdio -I/opt/Litex/pythondata-software-picolibc/pythondata_software_picolibc/data/newlib/libc/include -I/opt/Litex/litex/litex/soc/software/libbase -I/opt/Litex/litex/litex/soc/software/include -I/opt/Litex/litex/litex/soc/software -I/home/alex/Digital2/Material_Laboratorio_Digital2/SoC_project/build/nexys4/software/include -I/home/alex/Digital2/Material_Laboratorio_Digital2/SoC_project/build/nexys4/software/include/../libc -I/opt/Litex/litex/litex/soc/cores/cpu/picorv32 /home/alex/Digital2/Material_Laboratorio_Digital2/SoC_project/build/nexys4/software/libc/meson-private/tmpfi_bsvi1/testfile.c -o /home/alex/Digital2/Material_Laboratorio_Digital2/SoC_project/build/nexys4/software/libc/meson-private/tmpfi_bsvi1/output.obj -c -Os -mno-save-restore -march=rv32im -mabi=ilp32 -D__picorv32__ -g3 -fomit-frame-pointer -Wall -fno-builtin -fno-stack-protector -fexceptions -Wpragmas -D_FILE_OFFSET_BITS=64 -O0 -std=c18 

Code:
 
struct test { int part: 24; } __attribute__((packed));
unsigned int foobar (const struct test *p) { return p->part; }

Compiler stdout:
 
Compiler stderr:
 
Checking if "packed structs may contain bitfields" : compiles: YES 
Running compile:
Working directory:  /home/alex/Digital2/Material_Laboratorio_Digital2/SoC_project/build/nexys4/software/libc/meson-private/tmpt6gu3qw2
Command line:  riscv64-unknown-elf-gcc -L/home/alex/Digital2/Material_Laboratorio_Digital2/SoC_project/build/nexys4/software/include -I/opt/Litex/pythondata-software-picolibc/pythondata_software_picolibc/data/newlib/libc/tinystdio -I/opt/Litex/pythondata-software-picolibc/pythondata_software_picolibc/data/newlib/libc/include -I/opt/Litex/litex/litex/soc/software/libbase -I/opt/Litex/litex/litex/soc/software/include -I/opt/Litex/litex/litex/soc/software -I/home/alex/Digital2/Material_Laboratorio_Digital2/SoC_project/build/nexys4/software/include -I/home/alex/Digital2/Material_Laboratorio_Digital2/SoC_project/build/nexys4/software/include/../libc -I/opt/Litex/litex/litex/soc/cores/cpu/picorv32 /home/alex/Digital2/Material_Laboratorio_Digital2/SoC_project/build/nexys4/software/libc/meson-private/tmpt6gu3qw2/testfile.c -o /home/alex/Digital2/Material_Laboratorio_Digital2/SoC_project/build/nexys4/software/libc/meson-private/tmpt6gu3qw2/output.exe -Os -mno-save-restore -march=rv32im -mabi=ilp32 -D__picorv32__ -g3 -fomit-frame-pointer -Wall -fno-builtin -fno-stack-protector -fexceptions -Wpragmas -D_FILE_OFFSET_BITS=64 -O0 -std=c18 -nostdlib -nodefaultlibs -Wl,--no-dynamic-linker -Wl,--build-id=none -MD -MP 

Code:
 
#include <stddef.h>
int overflows (size_t a, size_t b) { size_t x; return __builtin_mul_overflow(a, b, &x); }
volatile size_t aa = 42;
int main (void) { return overflows(aa, aa); }

Compiler stdout:
 
Compiler stderr:
 /opt/Litex/riscv64-unknown-elf-gcc-8.3.0-2019.08.0-x86_64-linux-ubuntu14/bin/../lib/gcc/riscv64-unknown-elf/8.3.0/../../../../riscv64-unknown-elf/bin/ld: warning: cannot find entry symbol _start; defaulting to 0000000000010074

Checking if "has __builtin_mul_overflow" : links: YES 
Running compile:
Working directory:  /home/alex/Digital2/Material_Laboratorio_Digital2/SoC_project/build/nexys4/software/libc/meson-private/tmpfkdp2vri
Command line:  riscv64-unknown-elf-gcc -I/opt/Litex/pythondata-software-picolibc/pythondata_software_picolibc/data/newlib/libc/tinystdio -I/opt/Litex/pythondata-software-picolibc/pythondata_software_picolibc/data/newlib/libc/include -I/opt/Litex/litex/litex/soc/software/libbase -I/opt/Litex/litex/litex/soc/software/include -I/opt/Litex/litex/litex/soc/software -I/home/alex/Digital2/Material_Laboratorio_Digital2/SoC_project/build/nexys4/software/include -I/home/alex/Digital2/Material_Laboratorio_Digital2/SoC_project/build/nexys4/software/include/../libc -I/opt/Litex/litex/litex/soc/cores/cpu/picorv32 /home/alex/Digital2/Material_Laboratorio_Digital2/SoC_project/build/nexys4/software/libc/meson-private/tmpfkdp2vri/testfile.c -o /home/alex/Digital2/Material_Laboratorio_Digital2/SoC_project/build/nexys4/software/libc/meson-private/tmpfkdp2vri/output.obj -c -Os -mno-save-restore -march=rv32im -mabi=ilp32 -D__picorv32__ -g3 -fomit-frame-pointer -Wall -fno-builtin -fno-stack-protector -fexceptions -Wpragmas -D_FILE_OFFSET_BITS=64 -O0 -std=c18 

Code:
 
float _Complex test(float _Complex z) { return z; }

Compiler stdout:
 
Compiler stderr:
 
Checking if "supports _Complex" : compiles: YES 
Running compile:
Working directory:  /home/alex/Digital2/Material_Laboratorio_Digital2/SoC_project/build/nexys4/software/libc/meson-private/tmp4vf_2199
Command line:  riscv64-unknown-elf-gcc -L/home/alex/Digital2/Material_Laboratorio_Digital2/SoC_project/build/nexys4/software/include -I/opt/Litex/pythondata-software-picolibc/pythondata_software_picolibc/data/newlib/libc/tinystdio -I/opt/Litex/pythondata-software-picolibc/pythondata_software_picolibc/data/newlib/libc/include -I/opt/Litex/litex/litex/soc/software/libbase -I/opt/Litex/litex/litex/soc/software/include -I/opt/Litex/litex/litex/soc/software -I/home/alex/Digital2/Material_Laboratorio_Digital2/SoC_project/build/nexys4/software/include -I/home/alex/Digital2/Material_Laboratorio_Digital2/SoC_project/build/nexys4/software/include/../libc -I/opt/Litex/litex/litex/soc/cores/cpu/picorv32 /home/alex/Digital2/Material_Laboratorio_Digital2/SoC_project/build/nexys4/software/libc/meson-private/tmp4vf_2199/testfile.c -o /home/alex/Digital2/Material_Laboratorio_Digital2/SoC_project/build/nexys4/software/libc/meson-private/tmp4vf_2199/output.exe -Os -mno-save-restore -march=rv32im -mabi=ilp32 -D__picorv32__ -g3 -fomit-frame-pointer -Wall -fno-builtin -fno-stack-protector -fexceptions -Wpragmas -D_FILE_OFFSET_BITS=64 -O0 -std=c18 -nostdlib -nodefaultlibs -Wl,--no-dynamic-linker -Wl,--build-id=none -MD -MP 

Code:
 
volatile int a = 42;
int main (void) {
  return __builtin_expect(a, 1);
}

Compiler stdout:
 
Compiler stderr:
 /opt/Litex/riscv64-unknown-elf-gcc-8.3.0-2019.08.0-x86_64-linux-ubuntu14/bin/../lib/gcc/riscv64-unknown-elf/8.3.0/../../../../riscv64-unknown-elf/bin/ld: warning: cannot find entry symbol _start; defaulting to 0000000000010074

Checking if "has __builtin_expect" : links: YES 
Running compile:
Working directory:  /home/alex/Digital2/Material_Laboratorio_Digital2/SoC_project/build/nexys4/software/libc/meson-private/tmp2g_29hmu
Command line:  riscv64-unknown-elf-gcc -I/opt/Litex/pythondata-software-picolibc/pythondata_software_picolibc/data/newlib/libc/tinystdio -I/opt/Litex/pythondata-software-picolibc/pythondata_software_picolibc/data/newlib/libc/include -I/opt/Litex/litex/litex/soc/software/libbase -I/opt/Litex/litex/litex/soc/software/include -I/opt/Litex/litex/litex/soc/software -I/home/alex/Digital2/Material_Laboratorio_Digital2/SoC_project/build/nexys4/software/include -I/home/alex/Digital2/Material_Laboratorio_Digital2/SoC_project/build/nexys4/software/include/../libc -I/opt/Litex/litex/litex/soc/cores/cpu/picorv32 /home/alex/Digital2/Material_Laboratorio_Digital2/SoC_project/build/nexys4/software/libc/meson-private/tmp2g_29hmu/testfile.c -o /home/alex/Digital2/Material_Laboratorio_Digital2/SoC_project/build/nexys4/software/libc/meson-private/tmp2g_29hmu/output.obj -c -Os -mno-save-restore -march=rv32im -mabi=ilp32 -D__picorv32__ -g3 -fomit-frame-pointer -Wall -fno-builtin -fno-stack-protector -fexceptions -Wpragmas -D_FILE_OFFSET_BITS=64 -O0 -Werror 

Code:
 extern int i;
int i;

Compiler stdout:
 
Compiler stderr:
 
Compiler for C supports arguments -Werror: YES 
Running compile:
Working directory:  /home/alex/Digital2/Material_Laboratorio_Digital2/SoC_project/build/nexys4/software/libc/meson-private/tmpjux_9fwb
Command line:  riscv64-unknown-elf-gcc -I/opt/Litex/pythondata-software-picolibc/pythondata_software_picolibc/data/newlib/libc/tinystdio -I/opt/Litex/pythondata-software-picolibc/pythondata_software_picolibc/data/newlib/libc/include -I/opt/Litex/litex/litex/soc/software/libbase -I/opt/Litex/litex/litex/soc/software/include -I/opt/Litex/litex/litex/soc/software -I/home/alex/Digital2/Material_Laboratorio_Digital2/SoC_project/build/nexys4/software/include -I/home/alex/Digital2/Material_Laboratorio_Digital2/SoC_project/build/nexys4/software/include/../libc -I/opt/Litex/litex/litex/soc/cores/cpu/picorv32 /home/alex/Digital2/Material_Laboratorio_Digital2/SoC_project/build/nexys4/software/libc/meson-private/tmpjux_9fwb/testfile.c -o /home/alex/Digital2/Material_Laboratorio_Digital2/SoC_project/build/nexys4/software/libc/meson-private/tmpjux_9fwb/output.obj -c -Os -mno-save-restore -march=rv32im -mabi=ilp32 -D__picorv32__ -g3 -fomit-frame-pointer -Wall -fno-builtin -fno-stack-protector -fexceptions -Wpragmas -D_FILE_OFFSET_BITS=64 -O0 -std=c18 -Werror 

Code:
 
void *foobar(size_t) __attribute__((__alloc_size__(1)));
void *foobar2(size_t, size_t) __attribute__((__alloc_size__(1, 2)));

Compiler stdout:
 
Compiler stderr:
 /home/alex/Digital2/Material_Laboratorio_Digital2/SoC_project/build/nexys4/software/libc/meson-private/tmpjux_9fwb/testfile.c:2:1: error: parameter names (without types) in function declaration [-Werror]
 void *foobar(size_t) __attribute__((__alloc_size__(1)));
 ^~~~
/home/alex/Digital2/Material_Laboratorio_Digital2/SoC_project/build/nexys4/software/libc/meson-private/tmpjux_9fwb/testfile.c:2:1: error: alloc_size parameter outside range [-Werror=attributes]
/home/alex/Digital2/Material_Laboratorio_Digital2/SoC_project/build/nexys4/software/libc/meson-private/tmpjux_9fwb/testfile.c:3:1: error: parameter names (without types) in function declaration [-Werror]
 void *foobar2(size_t, size_t) __attribute__((__alloc_size__(1, 2)));
 ^~~~
/home/alex/Digital2/Material_Laboratorio_Digital2/SoC_project/build/nexys4/software/libc/meson-private/tmpjux_9fwb/testfile.c:3:1: error: alloc_size parameter outside range [-Werror=attributes]
cc1: all warnings being treated as errors

Checking if "attribute __alloc_size__" : compiles: NO 
Using cached compile:
Cached command line:   

Code:
 extern int i;
int i;

Cached compiler stdout:
 
Cached compiler stderr:
 
Compiler for C supports arguments -Werror: YES (cached)
Running compile:
Working directory:  /home/alex/Digital2/Material_Laboratorio_Digital2/SoC_project/build/nexys4/software/libc/meson-private/tmpbjd7tqxz
Command line:  riscv64-unknown-elf-gcc -I/opt/Litex/pythondata-software-picolibc/pythondata_software_picolibc/data/newlib/libc/tinystdio -I/opt/Litex/pythondata-software-picolibc/pythondata_software_picolibc/data/newlib/libc/include -I/opt/Litex/litex/litex/soc/software/libbase -I/opt/Litex/litex/litex/soc/software/include -I/opt/Litex/litex/litex/soc/software -I/home/alex/Digital2/Material_Laboratorio_Digital2/SoC_project/build/nexys4/software/include -I/home/alex/Digital2/Material_Laboratorio_Digital2/SoC_project/build/nexys4/software/include/../libc -I/opt/Litex/litex/litex/soc/cores/cpu/picorv32 /home/alex/Digital2/Material_Laboratorio_Digital2/SoC_project/build/nexys4/software/libc/meson-private/tmpbjd7tqxz/testfile.c -o /home/alex/Digital2/Material_Laboratorio_Digital2/SoC_project/build/nexys4/software/libc/meson-private/tmpbjd7tqxz/output.obj -c -Os -mno-save-restore -march=rv32im -mabi=ilp32 -D__picorv32__ -g3 -fomit-frame-pointer -Wall -fno-builtin -fno-stack-protector -fexceptions -Wpragmas -D_FILE_OFFSET_BITS=64 -O0 -std=c18 -Werror 

Code:
 
void __attribute__((constructor(101))) ctor (void) {}
void __attribute__((destructor(101))) dtor (void) {}

Compiler stdout:
 
Compiler stderr:
 
Checking if "attributes constructor/destructor" : compiles: YES 
Running compile:
Working directory:  /home/alex/Digital2/Material_Laboratorio_Digital2/SoC_project/build/nexys4/software/libc/meson-private/tmpgt21hixx
Command line:  riscv64-unknown-elf-gcc -L/home/alex/Digital2/Material_Laboratorio_Digital2/SoC_project/build/nexys4/software/include -I/opt/Litex/pythondata-software-picolibc/pythondata_software_picolibc/data/newlib/libc/tinystdio -I/opt/Litex/pythondata-software-picolibc/pythondata_software_picolibc/data/newlib/libc/include -I/opt/Litex/litex/litex/soc/software/libbase -I/opt/Litex/litex/litex/soc/software/include -I/opt/Litex/litex/litex/soc/software -I/home/alex/Digital2/Material_Laboratorio_Digital2/SoC_project/build/nexys4/software/include -I/home/alex/Digital2/Material_Laboratorio_Digital2/SoC_project/build/nexys4/software/include/../libc -I/opt/Litex/litex/litex/soc/cores/cpu/picorv32 /home/alex/Digital2/Material_Laboratorio_Digital2/SoC_project/build/nexys4/software/libc/meson-private/tmpgt21hixx/testfile.c -o /home/alex/Digital2/Material_Laboratorio_Digital2/SoC_project/build/nexys4/software/libc/meson-private/tmpgt21hixx/output.exe -Os -mno-save-restore -march=rv32im -mabi=ilp32 -D__picorv32__ -g3 -fomit-frame-pointer -Wall -fno-builtin -fno-stack-protector -fexceptions -Wpragmas -D_FILE_OFFSET_BITS=64 -O0 -std=c18 -nostdlib -nodefaultlibs -Wl,--no-dynamic-linker -Wl,--build-id=none -MD -MP 

Code:
 
static int foo(void * i __attribute__((unused))) { return 0; }
int main(void) { return foo(__builtin_alloca(1)); }

Compiler stdout:
 
Compiler stderr:
 /opt/Litex/riscv64-unknown-elf-gcc-8.3.0-2019.08.0-x86_64-linux-ubuntu14/bin/../lib/gcc/riscv64-unknown-elf/8.3.0/../../../../riscv64-unknown-elf/bin/ld: warning: cannot find entry symbol _start; defaulting to 0000000000010054

Checking if "test for __builtin_alloca" : links: YES 
Running compile:
Working directory:  /home/alex/Digital2/Material_Laboratorio_Digital2/SoC_project/build/nexys4/software/libc/meson-private/tmpxb3w1f0n
Command line:  riscv64-unknown-elf-gcc -L/home/alex/Digital2/Material_Laboratorio_Digital2/SoC_project/build/nexys4/software/include -I/opt/Litex/pythondata-software-picolibc/pythondata_software_picolibc/data/newlib/libc/tinystdio -I/opt/Litex/pythondata-software-picolibc/pythondata_software_picolibc/data/newlib/libc/include -I/opt/Litex/litex/litex/soc/software/libbase -I/opt/Litex/litex/litex/soc/software/include -I/opt/Litex/litex/litex/soc/software -I/home/alex/Digital2/Material_Laboratorio_Digital2/SoC_project/build/nexys4/software/include -I/home/alex/Digital2/Material_Laboratorio_Digital2/SoC_project/build/nexys4/software/include/../libc -I/opt/Litex/litex/litex/soc/cores/cpu/picorv32 /home/alex/Digital2/Material_Laboratorio_Digital2/SoC_project/build/nexys4/software/libc/meson-private/tmpxb3w1f0n/testfile.c -o /home/alex/Digital2/Material_Laboratorio_Digital2/SoC_project/build/nexys4/software/libc/meson-private/tmpxb3w1f0n/output.exe -Os -mno-save-restore -march=rv32im -mabi=ilp32 -D__picorv32__ -g3 -fomit-frame-pointer -Wall -fno-builtin -fno-stack-protector -fexceptions -Wpragmas -D_FILE_OFFSET_BITS=64 -O0 -std=c18 -nostdlib -nodefaultlibs -Wl,--no-dynamic-linker -Wl,--build-id=none -MD -MP 

Code:
 
static int foo(int i __attribute__((unused))) { return 0; }
int main(void) { return foo(__builtin_ffs(42)); }

Compiler stdout:
 
Compiler stderr:
 /opt/Litex/riscv64-unknown-elf-gcc-8.3.0-2019.08.0-x86_64-linux-ubuntu14/bin/../lib/gcc/riscv64-unknown-elf/8.3.0/../../../../riscv64-unknown-elf/bin/ld: warning: cannot find entry symbol _start; defaulting to 0000000000010054

Checking if "test for __builtin_ffs" : links: YES 
Running compile:
Working directory:  /home/alex/Digital2/Material_Laboratorio_Digital2/SoC_project/build/nexys4/software/libc/meson-private/tmpbhjbgee5
Command line:  riscv64-unknown-elf-gcc -L/home/alex/Digital2/Material_Laboratorio_Digital2/SoC_project/build/nexys4/software/include -I/opt/Litex/pythondata-software-picolibc/pythondata_software_picolibc/data/newlib/libc/tinystdio -I/opt/Litex/pythondata-software-picolibc/pythondata_software_picolibc/data/newlib/libc/include -I/opt/Litex/litex/litex/soc/software/libbase -I/opt/Litex/litex/litex/soc/software/include -I/opt/Litex/litex/litex/soc/software -I/home/alex/Digital2/Material_Laboratorio_Digital2/SoC_project/build/nexys4/software/include -I/home/alex/Digital2/Material_Laboratorio_Digital2/SoC_project/build/nexys4/software/include/../libc -I/opt/Litex/litex/litex/soc/cores/cpu/picorv32 /home/alex/Digital2/Material_Laboratorio_Digital2/SoC_project/build/nexys4/software/libc/meson-private/tmpbhjbgee5/testfile.c -o /home/alex/Digital2/Material_Laboratorio_Digital2/SoC_project/build/nexys4/software/libc/meson-private/tmpbhjbgee5/output.exe -Os -mno-save-restore -march=rv32im -mabi=ilp32 -D__picorv32__ -g3 -fomit-frame-pointer -Wall -fno-builtin -fno-stack-protector -fexceptions -Wpragmas -D_FILE_OFFSET_BITS=64 -O0 -std=c18 -nostdlib -nodefaultlibs -Wl,--no-dynamic-linker -Wl,--build-id=none -MD -MP 

Code:
 
static int foo(long i __attribute__((unused))) { return 0; }
int main(void) { return foo(__builtin_ffsl((long)42)); }

Compiler stdout:
 
Compiler stderr:
 /opt/Litex/riscv64-unknown-elf-gcc-8.3.0-2019.08.0-x86_64-linux-ubuntu14/bin/../lib/gcc/riscv64-unknown-elf/8.3.0/../../../../riscv64-unknown-elf/bin/ld: warning: cannot find entry symbol _start; defaulting to 0000000000010054

Checking if "test for __builtin_ffsl" : links: YES 
Running compile:
Working directory:  /home/alex/Digital2/Material_Laboratorio_Digital2/SoC_project/build/nexys4/software/libc/meson-private/tmpuq1cuerf
Command line:  riscv64-unknown-elf-gcc -L/home/alex/Digital2/Material_Laboratorio_Digital2/SoC_project/build/nexys4/software/include -I/opt/Litex/pythondata-software-picolibc/pythondata_software_picolibc/data/newlib/libc/tinystdio -I/opt/Litex/pythondata-software-picolibc/pythondata_software_picolibc/data/newlib/libc/include -I/opt/Litex/litex/litex/soc/software/libbase -I/opt/Litex/litex/litex/soc/software/include -I/opt/Litex/litex/litex/soc/software -I/home/alex/Digital2/Material_Laboratorio_Digital2/SoC_project/build/nexys4/software/include -I/home/alex/Digital2/Material_Laboratorio_Digital2/SoC_project/build/nexys4/software/include/../libc -I/opt/Litex/litex/litex/soc/cores/cpu/picorv32 /home/alex/Digital2/Material_Laboratorio_Digital2/SoC_project/build/nexys4/software/libc/meson-private/tmpuq1cuerf/testfile.c -o /home/alex/Digital2/Material_Laboratorio_Digital2/SoC_project/build/nexys4/software/libc/meson-private/tmpuq1cuerf/output.exe -Os -mno-save-restore -march=rv32im -mabi=ilp32 -D__picorv32__ -g3 -fomit-frame-pointer -Wall -fno-builtin -fno-stack-protector -fexceptions -Wpragmas -D_FILE_OFFSET_BITS=64 -O0 -std=c18 -nostdlib -nodefaultlibs -Wl,--no-dynamic-linker -Wl,--build-id=none -MD -MP 

Code:
 
static int foo(long long i __attribute__((unused))) { return 0; }
int main(void) { return foo(__builtin_ffsll((long long)42)); }

Compiler stdout:
 
Compiler stderr:
 /opt/Litex/riscv64-unknown-elf-gcc-8.3.0-2019.08.0-x86_64-linux-ubuntu14/bin/../lib/gcc/riscv64-unknown-elf/8.3.0/../../../../riscv64-unknown-elf/bin/ld: warning: cannot find entry symbol _start; defaulting to 0000000000010054

Checking if "test for __builtin_ffsll" : links: YES 
Running compile:
Working directory:  /home/alex/Digital2/Material_Laboratorio_Digital2/SoC_project/build/nexys4/software/libc/meson-private/tmpfhl3oycg
Command line:  riscv64-unknown-elf-gcc -L/home/alex/Digital2/Material_Laboratorio_Digital2/SoC_project/build/nexys4/software/include -I/opt/Litex/pythondata-software-picolibc/pythondata_software_picolibc/data/newlib/libc/tinystdio -I/opt/Litex/pythondata-software-picolibc/pythondata_software_picolibc/data/newlib/libc/include -I/opt/Litex/litex/litex/soc/software/libbase -I/opt/Litex/litex/litex/soc/software/include -I/opt/Litex/litex/litex/soc/software -I/home/alex/Digital2/Material_Laboratorio_Digital2/SoC_project/build/nexys4/software/include -I/home/alex/Digital2/Material_Laboratorio_Digital2/SoC_project/build/nexys4/software/include/../libc -I/opt/Litex/litex/litex/soc/cores/cpu/picorv32 /home/alex/Digital2/Material_Laboratorio_Digital2/SoC_project/build/nexys4/software/libc/meson-private/tmpfhl3oycg/testfile.c -o /home/alex/Digital2/Material_Laboratorio_Digital2/SoC_project/build/nexys4/software/libc/meson-private/tmpfhl3oycg/output.exe -Os -mno-save-restore -march=rv32im -mabi=ilp32 -D__picorv32__ -g3 -fomit-frame-pointer -Wall -fno-builtin -fno-stack-protector -fexceptions -Wpragmas -D_FILE_OFFSET_BITS=64 -O0 -std=c18 -nostdlib -nodefaultlibs -Wl,--no-dynamic-linker -Wl,--build-id=none -MD -MP 

Code:
 
static int foo(int i __attribute__((unused))) { return 0; }
int main(void) { return foo(__builtin_ctz((unsigned int)42)); }

Compiler stdout:
 
Compiler stderr:
 /opt/Litex/riscv64-unknown-elf-gcc-8.3.0-2019.08.0-x86_64-linux-ubuntu14/bin/../lib/gcc/riscv64-unknown-elf/8.3.0/../../../../riscv64-unknown-elf/bin/ld: warning: cannot find entry symbol _start; defaulting to 0000000000010054

Checking if "test for __builtin_ctz" : links: YES 
Running compile:
Working directory:  /home/alex/Digital2/Material_Laboratorio_Digital2/SoC_project/build/nexys4/software/libc/meson-private/tmpem8ozoia
Command line:  riscv64-unknown-elf-gcc -L/home/alex/Digital2/Material_Laboratorio_Digital2/SoC_project/build/nexys4/software/include -I/opt/Litex/pythondata-software-picolibc/pythondata_software_picolibc/data/newlib/libc/tinystdio -I/opt/Litex/pythondata-software-picolibc/pythondata_software_picolibc/data/newlib/libc/include -I/opt/Litex/litex/litex/soc/software/libbase -I/opt/Litex/litex/litex/soc/software/include -I/opt/Litex/litex/litex/soc/software -I/home/alex/Digital2/Material_Laboratorio_Digital2/SoC_project/build/nexys4/software/include -I/home/alex/Digital2/Material_Laboratorio_Digital2/SoC_project/build/nexys4/software/include/../libc -I/opt/Litex/litex/litex/soc/cores/cpu/picorv32 /home/alex/Digital2/Material_Laboratorio_Digital2/SoC_project/build/nexys4/software/libc/meson-private/tmpem8ozoia/testfile.c -o /home/alex/Digital2/Material_Laboratorio_Digital2/SoC_project/build/nexys4/software/libc/meson-private/tmpem8ozoia/output.exe -Os -mno-save-restore -march=rv32im -mabi=ilp32 -D__picorv32__ -g3 -fomit-frame-pointer -Wall -fno-builtin -fno-stack-protector -fexceptions -Wpragmas -D_FILE_OFFSET_BITS=64 -O0 -std=c18 -nostdlib -nodefaultlibs -Wl,--no-dynamic-linker -Wl,--build-id=none -MD -MP 

Code:
 
static int foo(int i __attribute__((unused))) { return 0; }
int main(void) { return foo(__builtin_ctzl((unsigned long)42)); }

Compiler stdout:
 
Compiler stderr:
 /opt/Litex/riscv64-unknown-elf-gcc-8.3.0-2019.08.0-x86_64-linux-ubuntu14/bin/../lib/gcc/riscv64-unknown-elf/8.3.0/../../../../riscv64-unknown-elf/bin/ld: warning: cannot find entry symbol _start; defaulting to 0000000000010054

Checking if "test for __builtin_ctzl" : links: YES 
Running compile:
Working directory:  /home/alex/Digital2/Material_Laboratorio_Digital2/SoC_project/build/nexys4/software/libc/meson-private/tmpf615062b
Command line:  riscv64-unknown-elf-gcc -L/home/alex/Digital2/Material_Laboratorio_Digital2/SoC_project/build/nexys4/software/include -I/opt/Litex/pythondata-software-picolibc/pythondata_software_picolibc/data/newlib/libc/tinystdio -I/opt/Litex/pythondata-software-picolibc/pythondata_software_picolibc/data/newlib/libc/include -I/opt/Litex/litex/litex/soc/software/libbase -I/opt/Litex/litex/litex/soc/software/include -I/opt/Litex/litex/litex/soc/software -I/home/alex/Digital2/Material_Laboratorio_Digital2/SoC_project/build/nexys4/software/include -I/home/alex/Digital2/Material_Laboratorio_Digital2/SoC_project/build/nexys4/software/include/../libc -I/opt/Litex/litex/litex/soc/cores/cpu/picorv32 /home/alex/Digital2/Material_Laboratorio_Digital2/SoC_project/build/nexys4/software/libc/meson-private/tmpf615062b/testfile.c -o /home/alex/Digital2/Material_Laboratorio_Digital2/SoC_project/build/nexys4/software/libc/meson-private/tmpf615062b/output.exe -Os -mno-save-restore -march=rv32im -mabi=ilp32 -D__picorv32__ -g3 -fomit-frame-pointer -Wall -fno-builtin -fno-stack-protector -fexceptions -Wpragmas -D_FILE_OFFSET_BITS=64 -O0 -std=c18 -nostdlib -nodefaultlibs -Wl,--no-dynamic-linker -Wl,--build-id=none -MD -MP 

Code:
 
static int foo(int i __attribute__((unused))) { return 0; }
int main(void) { return foo(__builtin_ctzll((unsigned long long)42)); }

Compiler stdout:
 
Compiler stderr:
 /opt/Litex/riscv64-unknown-elf-gcc-8.3.0-2019.08.0-x86_64-linux-ubuntu14/bin/../lib/gcc/riscv64-unknown-elf/8.3.0/../../../../riscv64-unknown-elf/bin/ld: warning: cannot find entry symbol _start; defaulting to 0000000000010054

Checking if "test for __builtin_ctzll" : links: YES 
Running compile:
Working directory:  /home/alex/Digital2/Material_Laboratorio_Digital2/SoC_project/build/nexys4/software/libc/meson-private/tmppxngzf_d
Command line:  riscv64-unknown-elf-gcc -L/home/alex/Digital2/Material_Laboratorio_Digital2/SoC_project/build/nexys4/software/include -I/opt/Litex/pythondata-software-picolibc/pythondata_software_picolibc/data/newlib/libc/tinystdio -I/opt/Litex/pythondata-software-picolibc/pythondata_software_picolibc/data/newlib/libc/include -I/opt/Litex/litex/litex/soc/software/libbase -I/opt/Litex/litex/litex/soc/software/include -I/opt/Litex/litex/litex/soc/software -I/home/alex/Digital2/Material_Laboratorio_Digital2/SoC_project/build/nexys4/software/include -I/home/alex/Digital2/Material_Laboratorio_Digital2/SoC_project/build/nexys4/software/include/../libc -I/opt/Litex/litex/litex/soc/cores/cpu/picorv32 /home/alex/Digital2/Material_Laboratorio_Digital2/SoC_project/build/nexys4/software/libc/meson-private/tmppxngzf_d/testfile.c -o /home/alex/Digital2/Material_Laboratorio_Digital2/SoC_project/build/nexys4/software/libc/meson-private/tmppxngzf_d/output.exe -Os -mno-save-restore -march=rv32im -mabi=ilp32 -D__picorv32__ -g3 -fomit-frame-pointer -Wall -fno-builtin -fno-stack-protector -fexceptions -Wpragmas -D_FILE_OFFSET_BITS=64 -O0 -std=c18 -nostdlib -nodefaultlibs -Wl,--no-dynamic-linker -Wl,--build-id=none -MD -MP 

Code:
 
static int foo(long double i __attribute__((unused))) { return 0; }
int main(void) { return foo(__builtin_copysignl((long double)42, (long double) 42)); }

Compiler stdout:
 
Compiler stderr:
 /opt/Litex/riscv64-unknown-elf-gcc-8.3.0-2019.08.0-x86_64-linux-ubuntu14/bin/../lib/gcc/riscv64-unknown-elf/8.3.0/../../../../riscv64-unknown-elf/bin/ld: warning: cannot find entry symbol _start; defaulting to 0000000000010054

Checking if "test for __builtin_copysignl" : links: YES 
Running compile:
Working directory:  /home/alex/Digital2/Material_Laboratorio_Digital2/SoC_project/build/nexys4/software/libc/meson-private/tmpijmxkcuh
Command line:  riscv64-unknown-elf-gcc -L/home/alex/Digital2/Material_Laboratorio_Digital2/SoC_project/build/nexys4/software/include -I/opt/Litex/pythondata-software-picolibc/pythondata_software_picolibc/data/newlib/libc/tinystdio -I/opt/Litex/pythondata-software-picolibc/pythondata_software_picolibc/data/newlib/libc/include -I/opt/Litex/litex/litex/soc/software/libbase -I/opt/Litex/litex/litex/soc/software/include -I/opt/Litex/litex/litex/soc/software -I/home/alex/Digital2/Material_Laboratorio_Digital2/SoC_project/build/nexys4/software/include -I/home/alex/Digital2/Material_Laboratorio_Digital2/SoC_project/build/nexys4/software/include/../libc -I/opt/Litex/litex/litex/soc/cores/cpu/picorv32 /home/alex/Digital2/Material_Laboratorio_Digital2/SoC_project/build/nexys4/software/libc/meson-private/tmpijmxkcuh/testfile.c -o /home/alex/Digital2/Material_Laboratorio_Digital2/SoC_project/build/nexys4/software/libc/meson-private/tmpijmxkcuh/output.exe -Os -mno-save-restore -march=rv32im -mabi=ilp32 -D__picorv32__ -g3 -fomit-frame-pointer -Wall -fno-builtin -fno-stack-protector -fexceptions -Wpragmas -D_FILE_OFFSET_BITS=64 -O0 -std=c18 -nostdlib -nodefaultlibs -Wl,--no-dynamic-linker -Wl,--build-id=none -MD -MP 

Code:
 
static int foo(double i __attribute__((unused))) { return 0; }
int main(void) { return foo(__builtin_copysign(42, 42)); }

Compiler stdout:
 
Compiler stderr:
 /opt/Litex/riscv64-unknown-elf-gcc-8.3.0-2019.08.0-x86_64-linux-ubuntu14/bin/../lib/gcc/riscv64-unknown-elf/8.3.0/../../../../riscv64-unknown-elf/bin/ld: warning: cannot find entry symbol _start; defaulting to 0000000000010054

Checking if "test for __builtin_copysign" : links: YES 
Running compile:
Working directory:  /home/alex/Digital2/Material_Laboratorio_Digital2/SoC_project/build/nexys4/software/libc/meson-private/tmp8ceuya7u
Command line:  riscv64-unknown-elf-gcc -L/home/alex/Digital2/Material_Laboratorio_Digital2/SoC_project/build/nexys4/software/include -I/opt/Litex/pythondata-software-picolibc/pythondata_software_picolibc/data/newlib/libc/tinystdio -I/opt/Litex/pythondata-software-picolibc/pythondata_software_picolibc/data/newlib/libc/include -I/opt/Litex/litex/litex/soc/software/libbase -I/opt/Litex/litex/litex/soc/software/include -I/opt/Litex/litex/litex/soc/software -I/home/alex/Digital2/Material_Laboratorio_Digital2/SoC_project/build/nexys4/software/include -I/home/alex/Digital2/Material_Laboratorio_Digital2/SoC_project/build/nexys4/software/include/../libc -I/opt/Litex/litex/litex/soc/cores/cpu/picorv32 /home/alex/Digital2/Material_Laboratorio_Digital2/SoC_project/build/nexys4/software/libc/meson-private/tmp8ceuya7u/testfile.c -o /home/alex/Digital2/Material_Laboratorio_Digital2/SoC_project/build/nexys4/software/libc/meson-private/tmp8ceuya7u/output.exe -Os -mno-save-restore -march=rv32im -mabi=ilp32 -D__picorv32__ -g3 -fomit-frame-pointer -Wall -fno-builtin -fno-stack-protector -fexceptions -Wpragmas -D_FILE_OFFSET_BITS=64 -O0 -std=c18 -nostdlib -nodefaultlibs -Wl,--no-dynamic-linker -Wl,--build-id=none -MD -MP 

Code:
 
static int foo(int i __attribute__((unused))) { return 0; }
int main(void) { return foo(__builtin_isinfl((long double)42)); }

Compiler stdout:
 
Compiler stderr:
 /opt/Litex/riscv64-unknown-elf-gcc-8.3.0-2019.08.0-x86_64-linux-ubuntu14/bin/../lib/gcc/riscv64-unknown-elf/8.3.0/../../../../riscv64-unknown-elf/bin/ld: warning: cannot find entry symbol _start; defaulting to 0000000000010054

Checking if "test for __builtin_isinfl" : links: YES 
Running compile:
Working directory:  /home/alex/Digital2/Material_Laboratorio_Digital2/SoC_project/build/nexys4/software/libc/meson-private/tmpzhm8imv4
Command line:  riscv64-unknown-elf-gcc -L/home/alex/Digital2/Material_Laboratorio_Digital2/SoC_project/build/nexys4/software/include -I/opt/Litex/pythondata-software-picolibc/pythondata_software_picolibc/data/newlib/libc/tinystdio -I/opt/Litex/pythondata-software-picolibc/pythondata_software_picolibc/data/newlib/libc/include -I/opt/Litex/litex/litex/soc/software/libbase -I/opt/Litex/litex/litex/soc/software/include -I/opt/Litex/litex/litex/soc/software -I/home/alex/Digital2/Material_Laboratorio_Digital2/SoC_project/build/nexys4/software/include -I/home/alex/Digital2/Material_Laboratorio_Digital2/SoC_project/build/nexys4/software/include/../libc -I/opt/Litex/litex/litex/soc/cores/cpu/picorv32 /home/alex/Digital2/Material_Laboratorio_Digital2/SoC_project/build/nexys4/software/libc/meson-private/tmpzhm8imv4/testfile.c -o /home/alex/Digital2/Material_Laboratorio_Digital2/SoC_project/build/nexys4/software/libc/meson-private/tmpzhm8imv4/output.exe -Os -mno-save-restore -march=rv32im -mabi=ilp32 -D__picorv32__ -g3 -fomit-frame-pointer -Wall -fno-builtin -fno-stack-protector -fexceptions -Wpragmas -D_FILE_OFFSET_BITS=64 -O0 -std=c18 -nostdlib -nodefaultlibs -Wl,--no-dynamic-linker -Wl,--build-id=none -MD -MP 

Code:
 
static int foo(int i __attribute__((unused))) { return 0; }
int main(void) { return foo(__builtin_isinf((long double)42)); }

Compiler stdout:
 
Compiler stderr:
 /opt/Litex/riscv64-unknown-elf-gcc-8.3.0-2019.08.0-x86_64-linux-ubuntu14/bin/../lib/gcc/riscv64-unknown-elf/8.3.0/../../../../riscv64-unknown-elf/bin/ld: warning: cannot find entry symbol _start; defaulting to 0000000000010054

Checking if "test for __builtin_isinf" : links: YES 
Running compile:
Working directory:  /home/alex/Digital2/Material_Laboratorio_Digital2/SoC_project/build/nexys4/software/libc/meson-private/tmp6_vel3cu
Command line:  riscv64-unknown-elf-gcc -L/home/alex/Digital2/Material_Laboratorio_Digital2/SoC_project/build/nexys4/software/include -I/opt/Litex/pythondata-software-picolibc/pythondata_software_picolibc/data/newlib/libc/tinystdio -I/opt/Litex/pythondata-software-picolibc/pythondata_software_picolibc/data/newlib/libc/include -I/opt/Litex/litex/litex/soc/software/libbase -I/opt/Litex/litex/litex/soc/software/include -I/opt/Litex/litex/litex/soc/software -I/home/alex/Digital2/Material_Laboratorio_Digital2/SoC_project/build/nexys4/software/include -I/home/alex/Digital2/Material_Laboratorio_Digital2/SoC_project/build/nexys4/software/include/../libc -I/opt/Litex/litex/litex/soc/cores/cpu/picorv32 /home/alex/Digital2/Material_Laboratorio_Digital2/SoC_project/build/nexys4/software/libc/meson-private/tmp6_vel3cu/testfile.c -o /home/alex/Digital2/Material_Laboratorio_Digital2/SoC_project/build/nexys4/software/libc/meson-private/tmp6_vel3cu/output.exe -Os -mno-save-restore -march=rv32im -mabi=ilp32 -D__picorv32__ -g3 -fomit-frame-pointer -Wall -fno-builtin -fno-stack-protector -fexceptions -Wpragmas -D_FILE_OFFSET_BITS=64 -O0 -std=c18 -nostdlib -nodefaultlibs -Wl,--no-dynamic-linker -Wl,--build-id=none -MD -MP 

Code:
 
static int foo(int i __attribute__((unused))) { return 0; }
int main(void) { return foo(__builtin_isnanl((long double)42)); }

Compiler stdout:
 
Compiler stderr:
 /opt/Litex/riscv64-unknown-elf-gcc-8.3.0-2019.08.0-x86_64-linux-ubuntu14/bin/../lib/gcc/riscv64-unknown-elf/8.3.0/../../../../riscv64-unknown-elf/bin/ld: warning: cannot find entry symbol _start; defaulting to 0000000000010054

Checking if "test for __builtin_isnanl" : links: YES 
Running compile:
Working directory:  /home/alex/Digital2/Material_Laboratorio_Digital2/SoC_project/build/nexys4/software/libc/meson-private/tmp0i7yzvkv
Command line:  riscv64-unknown-elf-gcc -L/home/alex/Digital2/Material_Laboratorio_Digital2/SoC_project/build/nexys4/software/include -I/opt/Litex/pythondata-software-picolibc/pythondata_software_picolibc/data/newlib/libc/tinystdio -I/opt/Litex/pythondata-software-picolibc/pythondata_software_picolibc/data/newlib/libc/include -I/opt/Litex/litex/litex/soc/software/libbase -I/opt/Litex/litex/litex/soc/software/include -I/opt/Litex/litex/litex/soc/software -I/home/alex/Digital2/Material_Laboratorio_Digital2/SoC_project/build/nexys4/software/include -I/home/alex/Digital2/Material_Laboratorio_Digital2/SoC_project/build/nexys4/software/include/../libc -I/opt/Litex/litex/litex/soc/cores/cpu/picorv32 /home/alex/Digital2/Material_Laboratorio_Digital2/SoC_project/build/nexys4/software/libc/meson-private/tmp0i7yzvkv/testfile.c -o /home/alex/Digital2/Material_Laboratorio_Digital2/SoC_project/build/nexys4/software/libc/meson-private/tmp0i7yzvkv/output.exe -Os -mno-save-restore -march=rv32im -mabi=ilp32 -D__picorv32__ -g3 -fomit-frame-pointer -Wall -fno-builtin -fno-stack-protector -fexceptions -Wpragmas -D_FILE_OFFSET_BITS=64 -O0 -std=c18 -nostdlib -nodefaultlibs -Wl,--no-dynamic-linker -Wl,--build-id=none -MD -MP 

Code:
 
static int foo(int i __attribute__((unused))) { return 0; }
int main(void) { return foo(__builtin_isnan((long double)42)); }

Compiler stdout:
 
Compiler stderr:
 /opt/Litex/riscv64-unknown-elf-gcc-8.3.0-2019.08.0-x86_64-linux-ubuntu14/bin/../lib/gcc/riscv64-unknown-elf/8.3.0/../../../../riscv64-unknown-elf/bin/ld: warning: cannot find entry symbol _start; defaulting to 0000000000010054

Checking if "test for __builtin_isnan" : links: YES 
Running compile:
Working directory:  /home/alex/Digital2/Material_Laboratorio_Digital2/SoC_project/build/nexys4/software/libc/meson-private/tmphivsahxa
Command line:  riscv64-unknown-elf-gcc -L/home/alex/Digital2/Material_Laboratorio_Digital2/SoC_project/build/nexys4/software/include -I/opt/Litex/pythondata-software-picolibc/pythondata_software_picolibc/data/newlib/libc/tinystdio -I/opt/Litex/pythondata-software-picolibc/pythondata_software_picolibc/data/newlib/libc/include -I/opt/Litex/litex/litex/soc/software/libbase -I/opt/Litex/litex/litex/soc/software/include -I/opt/Litex/litex/litex/soc/software -I/home/alex/Digital2/Material_Laboratorio_Digital2/SoC_project/build/nexys4/software/include -I/home/alex/Digital2/Material_Laboratorio_Digital2/SoC_project/build/nexys4/software/include/../libc -I/opt/Litex/litex/litex/soc/cores/cpu/picorv32 /home/alex/Digital2/Material_Laboratorio_Digital2/SoC_project/build/nexys4/software/libc/meson-private/tmphivsahxa/testfile.c -o /home/alex/Digital2/Material_Laboratorio_Digital2/SoC_project/build/nexys4/software/libc/meson-private/tmphivsahxa/output.exe -Os -mno-save-restore -march=rv32im -mabi=ilp32 -D__picorv32__ -g3 -fomit-frame-pointer -Wall -fno-builtin -fno-stack-protector -fexceptions -Wpragmas -D_FILE_OFFSET_BITS=64 -O0 -std=c18 -nostdlib -nodefaultlibs -Wl,--no-dynamic-linker -Wl,--build-id=none -MD -MP 

Code:
 
static int foo(int i __attribute__((unused))) { return 0; }
int main(void) { return foo(__builtin_finitel((long double)42)); }

Compiler stdout:
 
Compiler stderr:
 /opt/Litex/riscv64-unknown-elf-gcc-8.3.0-2019.08.0-x86_64-linux-ubuntu14/bin/../lib/gcc/riscv64-unknown-elf/8.3.0/../../../../riscv64-unknown-elf/bin/ld: warning: cannot find entry symbol _start; defaulting to 0000000000010054

Checking if "test for __builtin_finitel" : links: YES 
Running compile:
Working directory:  /home/alex/Digital2/Material_Laboratorio_Digital2/SoC_project/build/nexys4/software/libc/meson-private/tmp8p0dpym0
Command line:  riscv64-unknown-elf-gcc -L/home/alex/Digital2/Material_Laboratorio_Digital2/SoC_project/build/nexys4/software/include -I/opt/Litex/pythondata-software-picolibc/pythondata_software_picolibc/data/newlib/libc/tinystdio -I/opt/Litex/pythondata-software-picolibc/pythondata_software_picolibc/data/newlib/libc/include -I/opt/Litex/litex/litex/soc/software/libbase -I/opt/Litex/litex/litex/soc/software/include -I/opt/Litex/litex/litex/soc/software -I/home/alex/Digital2/Material_Laboratorio_Digital2/SoC_project/build/nexys4/software/include -I/home/alex/Digital2/Material_Laboratorio_Digital2/SoC_project/build/nexys4/software/include/../libc -I/opt/Litex/litex/litex/soc/cores/cpu/picorv32 /home/alex/Digital2/Material_Laboratorio_Digital2/SoC_project/build/nexys4/software/libc/meson-private/tmp8p0dpym0/testfile.c -o /home/alex/Digital2/Material_Laboratorio_Digital2/SoC_project/build/nexys4/software/libc/meson-private/tmp8p0dpym0/output.exe -Os -mno-save-restore -march=rv32im -mabi=ilp32 -D__picorv32__ -g3 -fomit-frame-pointer -Wall -fno-builtin -fno-stack-protector -fexceptions -Wpragmas -D_FILE_OFFSET_BITS=64 -O0 -std=c18 -nostdlib -nodefaultlibs -Wl,--no-dynamic-linker -Wl,--build-id=none -MD -MP 

Code:
 
static int foo(int i __attribute__((unused))) { return 0; }
int main(void) { return foo(__builtin_isfinite((long double)42)); }

Compiler stdout:
 
Compiler stderr:
 /opt/Litex/riscv64-unknown-elf-gcc-8.3.0-2019.08.0-x86_64-linux-ubuntu14/bin/../lib/gcc/riscv64-unknown-elf/8.3.0/../../../../riscv64-unknown-elf/bin/ld: warning: cannot find entry symbol _start; defaulting to 0000000000010054

Checking if "test for __builtin_isfinite" : links: YES 
Running compile:
Working directory:  /home/alex/Digital2/Material_Laboratorio_Digital2/SoC_project/build/nexys4/software/libc/meson-private/tmp8py578xk
Command line:  riscv64-unknown-elf-gcc -I/opt/Litex/pythondata-software-picolibc/pythondata_software_picolibc/data/newlib/libc/tinystdio -I/opt/Litex/pythondata-software-picolibc/pythondata_software_picolibc/data/newlib/libc/include -I/opt/Litex/litex/litex/soc/software/libbase -I/opt/Litex/litex/litex/soc/software/include -I/opt/Litex/litex/litex/soc/software -I/home/alex/Digital2/Material_Laboratorio_Digital2/SoC_project/build/nexys4/software/include -I/home/alex/Digital2/Material_Laboratorio_Digital2/SoC_project/build/nexys4/software/include/../libc -I/opt/Litex/litex/litex/soc/cores/cpu/picorv32 /home/alex/Digital2/Material_Laboratorio_Digital2/SoC_project/build/nexys4/software/libc/meson-private/tmp8py578xk/testfile.c -o /home/alex/Digital2/Material_Laboratorio_Digital2/SoC_project/build/nexys4/software/libc/meson-private/tmp8py578xk/output.obj -c -Os -mno-save-restore -march=rv32im -mabi=ilp32 -D__picorv32__ -g3 -fomit-frame-pointer -Wall -fno-builtin -fno-stack-protector -fexceptions -Wpragmas -D_FILE_OFFSET_BITS=64 -O0 -fno-tree-loop-distribute-patterns 

Code:
 extern int i;
int i;

Compiler stdout:
 
Compiler stderr:
 
Compiler for C supports arguments -fno-tree-loop-distribute-patterns: YES 
Running compile:
Working directory:  /home/alex/Digital2/Material_Laboratorio_Digital2/SoC_project/build/nexys4/software/libc/meson-private/tmp58lhwc93
Command line:  riscv64-unknown-elf-gcc -I/opt/Litex/pythondata-software-picolibc/pythondata_software_picolibc/data/newlib/libc/tinystdio -I/opt/Litex/pythondata-software-picolibc/pythondata_software_picolibc/data/newlib/libc/include -I/opt/Litex/litex/litex/soc/software/libbase -I/opt/Litex/litex/litex/soc/software/include -I/opt/Litex/litex/litex/soc/software -I/home/alex/Digital2/Material_Laboratorio_Digital2/SoC_project/build/nexys4/software/include -I/home/alex/Digital2/Material_Laboratorio_Digital2/SoC_project/build/nexys4/software/include/../libc -I/opt/Litex/litex/litex/soc/cores/cpu/picorv32 /home/alex/Digital2/Material_Laboratorio_Digital2/SoC_project/build/nexys4/software/libc/meson-private/tmp58lhwc93/testfile.c -o /home/alex/Digital2/Material_Laboratorio_Digital2/SoC_project/build/nexys4/software/libc/meson-private/tmp58lhwc93/output.obj -c -Os -mno-save-restore -march=rv32im -mabi=ilp32 -D__picorv32__ -g3 -fomit-frame-pointer -Wall -fno-builtin -fno-stack-protector -fexceptions -Wpragmas -D_FILE_OFFSET_BITS=64 -O0 -Werror=attributes 

Code:
 extern int i;
int i;

Compiler stdout:
 
Compiler stderr:
 
Compiler for C supports arguments -Werror=attributes: YES 
Running compile:
Working directory:  /home/alex/Digital2/Material_Laboratorio_Digital2/SoC_project/build/nexys4/software/libc/meson-private/tmp0vqi14m8
Command line:  riscv64-unknown-elf-gcc -I/opt/Litex/pythondata-software-picolibc/pythondata_software_picolibc/data/newlib/libc/tinystdio -I/opt/Litex/pythondata-software-picolibc/pythondata_software_picolibc/data/newlib/libc/include -I/opt/Litex/litex/litex/soc/software/libbase -I/opt/Litex/litex/litex/soc/software/include -I/opt/Litex/litex/litex/soc/software -I/home/alex/Digital2/Material_Laboratorio_Digital2/SoC_project/build/nexys4/software/include -I/home/alex/Digital2/Material_Laboratorio_Digital2/SoC_project/build/nexys4/software/include/../libc -I/opt/Litex/litex/litex/soc/cores/cpu/picorv32 /home/alex/Digital2/Material_Laboratorio_Digital2/SoC_project/build/nexys4/software/libc/meson-private/tmp0vqi14m8/testfile.c -o /home/alex/Digital2/Material_Laboratorio_Digital2/SoC_project/build/nexys4/software/libc/meson-private/tmp0vqi14m8/output.obj -c -Os -mno-save-restore -march=rv32im -mabi=ilp32 -D__picorv32__ -g3 -fomit-frame-pointer -Wall -fno-builtin -fno-stack-protector -fexceptions -Wpragmas -D_FILE_OFFSET_BITS=64 -O0 -std=c18 -Werror=attributes 

Code:
 int __attribute__((no_builtin)) foo(int x) { return x + 1; }
Compiler stdout:
 
Compiler stderr:
 /home/alex/Digital2/Material_Laboratorio_Digital2/SoC_project/build/nexys4/software/libc/meson-private/tmp0vqi14m8/testfile.c:1:1: error: 'no_builtin' attribute directive ignored [-Werror=attributes]
 int __attribute__((no_builtin)) foo(int x) { return x + 1; }
 ^~~
cc1: some warnings being treated as errors

Checking if "no_builtin attribute" : compiles: NO 
Running compile:
Working directory:  /home/alex/Digital2/Material_Laboratorio_Digital2/SoC_project/build/nexys4/software/libc/meson-private/tmp8voxkj66
Command line:  riscv64-unknown-elf-gcc -I/opt/Litex/pythondata-software-picolibc/pythondata_software_picolibc/data/newlib/libc/tinystdio -I/opt/Litex/pythondata-software-picolibc/pythondata_software_picolibc/data/newlib/libc/include -I/opt/Litex/litex/litex/soc/software/libbase -I/opt/Litex/litex/litex/soc/software/include -I/opt/Litex/litex/litex/soc/software -I/home/alex/Digital2/Material_Laboratorio_Digital2/SoC_project/build/nexys4/software/include -I/home/alex/Digital2/Material_Laboratorio_Digital2/SoC_project/build/nexys4/software/include/../libc -I/opt/Litex/litex/litex/soc/cores/cpu/picorv32 /home/alex/Digital2/Material_Laboratorio_Digital2/SoC_project/build/nexys4/software/libc/meson-private/tmp8voxkj66/testfile.c -o /home/alex/Digital2/Material_Laboratorio_Digital2/SoC_project/build/nexys4/software/libc/meson-private/tmp8voxkj66/output.obj -c -Os -mno-save-restore -march=rv32im -mabi=ilp32 -D__picorv32__ -g3 -fomit-frame-pointer -Wall -fno-builtin -fno-stack-protector -fexceptions -Wpragmas -D_FILE_OFFSET_BITS=64 -O0 -Werror=attributes 

Code:
 inline __attribute__((always_inline)) int foo(void) { return 0; }
Compiler stdout:
 
Compiler stderr:
 
Compiler for C supports function attribute always_inline: YES 
Running compile:
Working directory:  /home/alex/Digital2/Material_Laboratorio_Digital2/SoC_project/build/nexys4/software/libc/meson-private/tmp9v52ln3r
Command line:  riscv64-unknown-elf-gcc -I/opt/Litex/pythondata-software-picolibc/pythondata_software_picolibc/data/newlib/libc/tinystdio -I/opt/Litex/pythondata-software-picolibc/pythondata_software_picolibc/data/newlib/libc/include -I/opt/Litex/litex/litex/soc/software/libbase -I/opt/Litex/litex/litex/soc/software/include -I/opt/Litex/litex/litex/soc/software -I/home/alex/Digital2/Material_Laboratorio_Digital2/SoC_project/build/nexys4/software/include -I/home/alex/Digital2/Material_Laboratorio_Digital2/SoC_project/build/nexys4/software/include/../libc -I/opt/Litex/litex/litex/soc/cores/cpu/picorv32 /home/alex/Digital2/Material_Laboratorio_Digital2/SoC_project/build/nexys4/software/libc/meson-private/tmp9v52ln3r/testfile.c -o /home/alex/Digital2/Material_Laboratorio_Digital2/SoC_project/build/nexys4/software/libc/meson-private/tmp9v52ln3r/output.obj -c -Os -mno-save-restore -march=rv32im -mabi=ilp32 -D__picorv32__ -g3 -fomit-frame-pointer -Wall -fno-builtin -fno-stack-protector -fexceptions -Wpragmas -D_FILE_OFFSET_BITS=64 -O0 -Werror=attributes 

Code:
 inline __attribute__((gnu_inline)) int foo(void) { return 0; }
Compiler stdout:
 
Compiler stderr:
 
Compiler for C supports function attribute gnu_inline: YES 
Running compile:
Working directory:  /home/alex/Digital2/Material_Laboratorio_Digital2/SoC_project/build/nexys4/software/libc/meson-private/tmph2agy5ts
Command line:  riscv64-unknown-elf-gcc -I/opt/Litex/pythondata-software-picolibc/pythondata_software_picolibc/data/newlib/libc/tinystdio -I/opt/Litex/pythondata-software-picolibc/pythondata_software_picolibc/data/newlib/libc/include -I/opt/Litex/litex/litex/soc/software/libbase -I/opt/Litex/litex/litex/soc/software/include -I/opt/Litex/litex/litex/soc/software -I/home/alex/Digital2/Material_Laboratorio_Digital2/SoC_project/build/nexys4/software/include -I/home/alex/Digital2/Material_Laboratorio_Digital2/SoC_project/build/nexys4/software/include/../libc -I/opt/Litex/litex/litex/soc/cores/cpu/picorv32 /home/alex/Digital2/Material_Laboratorio_Digital2/SoC_project/build/nexys4/software/libc/meson-private/tmph2agy5ts/testfile.c -o /home/alex/Digital2/Material_Laboratorio_Digital2/SoC_project/build/nexys4/software/libc/meson-private/tmph2agy5ts/output.obj -c -Os -mno-save-restore -march=rv32im -mabi=ilp32 -D__picorv32__ -g3 -fomit-frame-pointer -Wall -fno-builtin -fno-stack-protector -fexceptions -Wpragmas -D_FILE_OFFSET_BITS=64 -O0 -fno-builtin 

Code:
 extern int i;
int i;

Compiler stdout:
 
Compiler stderr:
 
Compiler for C supports arguments -fno-builtin: YES 
Running command: /bin/sed -e /^#/d -e /^$/d -e s/ .*$// /opt/Litex/pythondata-software-picolibc/pythondata_software_picolibc/data/newlib/libc/iconv/encoding.aliases
--- stdout ---
big5
cp775
cp850
cp852
cp855
cp866
euc_jp
euc_kr
euc_tw
iso_8859_1
iso_8859_10
iso_8859_11
iso_8859_13
iso_8859_14
iso_8859_15
iso_8859_2
iso_8859_3
iso_8859_4
iso_8859_5
iso_8859_6
iso_8859_7
iso_8859_8
iso_8859_9
iso_ir_111
koi8_r
koi8_ru
koi8_u
koi8_uni
ucs_2
ucs_2_internal
ucs_2be
ucs_2le
ucs_4
ucs_4_internal
ucs_4be
ucs_4le
us_ascii
utf_16
utf_16be
utf_16le
utf_8
win_1250
win_1251
win_1252
win_1253
win_1254
win_1255
win_1256
win_1257
win_1258

--- stderr ---


Running compile:
Working directory:  /home/alex/Digital2/Material_Laboratorio_Digital2/SoC_project/build/nexys4/software/libc/meson-private/tmpflicu0li
Command line:  riscv64-unknown-elf-gcc -I/opt/Litex/pythondata-software-picolibc/pythondata_software_picolibc/data/newlib/libc/tinystdio -I/opt/Litex/pythondata-software-picolibc/pythondata_software_picolibc/data/newlib/libc/include -I/opt/Litex/litex/litex/soc/software/libbase -I/opt/Litex/litex/litex/soc/software/include -I/opt/Litex/litex/litex/soc/software -I/home/alex/Digital2/Material_Laboratorio_Digital2/SoC_project/build/nexys4/software/include -I/home/alex/Digital2/Material_Laboratorio_Digital2/SoC_project/build/nexys4/software/include/../libc -I/opt/Litex/litex/litex/soc/cores/cpu/picorv32 /home/alex/Digital2/Material_Laboratorio_Digital2/SoC_project/build/nexys4/software/libc/meson-private/tmpflicu0li/testfile.c -o /home/alex/Digital2/Material_Laboratorio_Digital2/SoC_project/build/nexys4/software/libc/meson-private/tmpflicu0li/output.obj -c -Os -mno-save-restore -march=rv32im -mabi=ilp32 -D__picorv32__ -g3 -fomit-frame-pointer -Wall -fno-builtin -fno-stack-protector -fexceptions -Wpragmas -D_FILE_OFFSET_BITS=64 -O0 -ffunction-sections 

Code:
 extern int i;
int i;

Compiler stdout:
 
Compiler stderr:
 
Compiler for C supports arguments -ffunction-sections: YES 
Running compile:
Working directory:  /home/alex/Digital2/Material_Laboratorio_Digital2/SoC_project/build/nexys4/software/libc/meson-private/tmpzwk1yoyt
Command line:  riscv64-unknown-elf-gcc -I/opt/Litex/pythondata-software-picolibc/pythondata_software_picolibc/data/newlib/libc/tinystdio -I/opt/Litex/pythondata-software-picolibc/pythondata_software_picolibc/data/newlib/libc/include -I/opt/Litex/litex/litex/soc/software/libbase -I/opt/Litex/litex/litex/soc/software/include -I/opt/Litex/litex/litex/soc/software -I/home/alex/Digital2/Material_Laboratorio_Digital2/SoC_project/build/nexys4/software/include -I/home/alex/Digital2/Material_Laboratorio_Digital2/SoC_project/build/nexys4/software/include/../libc -I/opt/Litex/litex/litex/soc/cores/cpu/picorv32 /home/alex/Digital2/Material_Laboratorio_Digital2/SoC_project/build/nexys4/software/libc/meson-private/tmpzwk1yoyt/testfile.c -o /home/alex/Digital2/Material_Laboratorio_Digital2/SoC_project/build/nexys4/software/libc/meson-private/tmpzwk1yoyt/output.obj -c -Os -mno-save-restore -march=rv32im -mabi=ilp32 -D__picorv32__ -g3 -fomit-frame-pointer -Wall -fno-builtin -fno-stack-protector -fexceptions -Wpragmas -D_FILE_OFFSET_BITS=64 -O0 -fstack-protector-all 

Code:
 extern int i;
int i;

Compiler stdout:
 
Compiler stderr:
 
Compiler for C supports arguments -fstack-protector-all: YES 
Running compile:
Working directory:  /home/alex/Digital2/Material_Laboratorio_Digital2/SoC_project/build/nexys4/software/libc/meson-private/tmpakfl4x_n
Command line:  riscv64-unknown-elf-gcc -I/opt/Litex/pythondata-software-picolibc/pythondata_software_picolibc/data/newlib/libc/tinystdio -I/opt/Litex/pythondata-software-picolibc/pythondata_software_picolibc/data/newlib/libc/include -I/opt/Litex/litex/litex/soc/software/libbase -I/opt/Litex/litex/litex/soc/software/include -I/opt/Litex/litex/litex/soc/software -I/home/alex/Digital2/Material_Laboratorio_Digital2/SoC_project/build/nexys4/software/include -I/home/alex/Digital2/Material_Laboratorio_Digital2/SoC_project/build/nexys4/software/include/../libc -I/opt/Litex/litex/litex/soc/cores/cpu/picorv32 /home/alex/Digital2/Material_Laboratorio_Digital2/SoC_project/build/nexys4/software/libc/meson-private/tmpakfl4x_n/testfile.c -o /home/alex/Digital2/Material_Laboratorio_Digital2/SoC_project/build/nexys4/software/libc/meson-private/tmpakfl4x_n/output.obj -c -Os -mno-save-restore -march=rv32im -mabi=ilp32 -D__picorv32__ -g3 -fomit-frame-pointer -Wall -fno-builtin -fno-stack-protector -fexceptions -Wpragmas -D_FILE_OFFSET_BITS=64 -O0 -fstack-protector-strong 

Code:
 extern int i;
int i;

Compiler stdout:
 
Compiler stderr:
 
Compiler for C supports arguments -fstack-protector-strong: YES 
Running compile:
Working directory:  /home/alex/Digital2/Material_Laboratorio_Digital2/SoC_project/build/nexys4/software/libc/meson-private/tmpl49vdrpw
Command line:  riscv64-unknown-elf-gcc -I/opt/Litex/pythondata-software-picolibc/pythondata_software_picolibc/data/newlib/libc/tinystdio -I/opt/Litex/pythondata-software-picolibc/pythondata_software_picolibc/data/newlib/libc/include -I/opt/Litex/litex/litex/soc/software/libbase -I/opt/Litex/litex/litex/soc/software/include -I/opt/Litex/litex/litex/soc/software -I/home/alex/Digital2/Material_Laboratorio_Digital2/SoC_project/build/nexys4/software/include -I/home/alex/Digital2/Material_Laboratorio_Digital2/SoC_project/build/nexys4/software/include/../libc -I/opt/Litex/litex/litex/soc/cores/cpu/picorv32 /home/alex/Digital2/Material_Laboratorio_Digital2/SoC_project/build/nexys4/software/libc/meson-private/tmpl49vdrpw/testfile.c -o /home/alex/Digital2/Material_Laboratorio_Digital2/SoC_project/build/nexys4/software/libc/meson-private/tmpl49vdrpw/output.obj -c -Os -mno-save-restore -march=rv32im -mabi=ilp32 -D__picorv32__ -g3 -fomit-frame-pointer -Wall -fno-builtin -fno-stack-protector -fexceptions -Wpragmas -D_FILE_OFFSET_BITS=64 -O0 -fno-builtin-malloc 

Code:
 extern int i;
int i;

Compiler stdout:
 
Compiler stderr:
 
Compiler for C supports arguments -fno-builtin-malloc: YES 
Running compile:
Working directory:  /home/alex/Digital2/Material_Laboratorio_Digital2/SoC_project/build/nexys4/software/libc/meson-private/tmpyk41e51g
Command line:  riscv64-unknown-elf-gcc -I/opt/Litex/pythondata-software-picolibc/pythondata_software_picolibc/data/newlib/libc/tinystdio -I/opt/Litex/pythondata-software-picolibc/pythondata_software_picolibc/data/newlib/libc/include -I/opt/Litex/litex/litex/soc/software/libbase -I/opt/Litex/litex/litex/soc/software/include -I/opt/Litex/litex/litex/soc/software -I/home/alex/Digital2/Material_Laboratorio_Digital2/SoC_project/build/nexys4/software/include -I/home/alex/Digital2/Material_Laboratorio_Digital2/SoC_project/build/nexys4/software/include/../libc -I/opt/Litex/litex/litex/soc/cores/cpu/picorv32 /home/alex/Digital2/Material_Laboratorio_Digital2/SoC_project/build/nexys4/software/libc/meson-private/tmpyk41e51g/testfile.c -o /home/alex/Digital2/Material_Laboratorio_Digital2/SoC_project/build/nexys4/software/libc/meson-private/tmpyk41e51g/output.obj -c -Os -mno-save-restore -march=rv32im -mabi=ilp32 -D__picorv32__ -g3 -fomit-frame-pointer -Wall -fno-builtin -fno-stack-protector -fexceptions -Wpragmas -D_FILE_OFFSET_BITS=64 -O0 -fno-builtin-free 

Code:
 extern int i;
int i;

Compiler stdout:
 
Compiler stderr:
 
Compiler for C supports arguments -fno-builtin-free: YES 
Message: libc/string/memcpy.c: machine overrides generic
Message: libc/string/memmove.S: machine overrides generic
Message: libc/string/memset.S: machine overrides generic
Message: libc/string/strcpy.c: machine overrides generic
Message: libc/string/strlen.c: machine overrides generic
Message: libc/string/strcmp.S: machine overrides generic
Message: libc/include/sys/fenv.h: machine overrides generic
Message: libc/include/machine/math.h: machine overrides generic
Message: libm/math/s_fabs.c: machine overrides generic
Message: libm/math/s_sqrt.c: machine overrides generic
Message: libm/math/sf_fabs.c: machine overrides generic
Message: libm/math/sf_sqrt.c: machine overrides generic
Message: libm/common/s_finite.c: machine overrides generic
Message: libm/common/s_copysign.c: machine overrides generic
Message: libm/common/s_isinf.c: machine overrides generic
Message: libm/common/s_isnan.c: machine overrides generic
Message: libm/common/s_fma.c: machine overrides generic
Message: libm/common/s_fmax.c: machine overrides generic
Message: libm/common/s_fmin.c: machine overrides generic
Message: libm/common/s_fpclassify.c: machine overrides generic
Message: libm/common/s_lrint.c: machine overrides generic
Message: libm/common/s_llrint.c: machine overrides generic
Message: libm/common/s_lround.c: machine overrides generic
Message: libm/common/s_llround.c: machine overrides generic
Message: libm/common/sf_finite.c: machine overrides generic
Message: libm/common/sf_copysign.c: machine overrides generic
Message: libm/common/sf_isinf.c: machine overrides generic
Message: libm/common/sf_isnan.c: machine overrides generic
Message: libm/common/sf_fma.c: machine overrides generic
Message: libm/common/sf_fmax.c: machine overrides generic
Message: libm/common/sf_fmin.c: machine overrides generic
Message: libm/common/sf_fpclassify.c: machine overrides generic
Message: libm/common/sf_lrint.c: machine overrides generic
Message: libm/common/sf_llrint.c: machine overrides generic
Message: libm/common/sf_lround.c: machine overrides generic
Message: libm/common/sf_llround.c: machine overrides generic
Message: libm/fenv/feclearexcept.c: machine overrides generic
Message: libm/fenv/fegetenv.c: machine overrides generic
Message: libm/fenv/fegetexceptflag.c: machine overrides generic
Message: libm/fenv/fegetround.c: machine overrides generic
Message: libm/fenv/feholdexcept.c: machine overrides generic
Message: libm/fenv/feraiseexcept.c: machine overrides generic
Message: libm/fenv/fesetenv.c: machine overrides generic
Message: libm/fenv/fesetexceptflag.c: machine overrides generic
Message: libm/fenv/fesetround.c: machine overrides generic
Message: libm/fenv/fetestexcept.c: machine overrides generic
Message: libm/fenv/feupdateenv.c: machine overrides generic
Configuring picolibc.h using configuration
Build targets in project: 9
NOTICE: Future-deprecated features used:
 * 0.58.0: {'meson.get_cross_property'}

picolibc 1.7.4

  User defined options
    Cross files         : cross.txt
    includedir          : picolibc/riscv64-unknown-elf/include
    libdir              : picolibc/riscv64-unknown-elf/lib
    atomic-ungetc       : false
    format-default      : integer
    io-long-long        : true
    multilib            : false
    picocrt             : false
    thread-local-storage: false

Found ninja-1.10.2.git.kitware.jobserver-1 at /home/alex/.local/bin/ninja
Failed to guess install tag for /opt/Litex/riscv64-unknown-elf-gcc-8.3.0-2019.08.0-x86_64-linux-ubuntu14/bin/../lib/gcc/riscv64-unknown-elf/8.3.0/picolibc.specs
Failed to guess install tag for /opt/Litex/riscv64-unknown-elf-gcc-8.3.0-2019.08.0-x86_64-linux-ubuntu14/bin/../lib/gcc/riscv64-unknown-elf/8.3.0/picolibcpp.specs
Failed to guess install tag for /usr/local/picolibc/riscv64-unknown-elf/lib/picolibc.ld
Failed to guess install tag for /usr/local/picolibc/riscv64-unknown-elf/lib/picolibcpp.ld
Command line for building ['newlib/libc.a'] is long, using a response file
Failed to guess install tag for /opt/Litex/riscv64-unknown-elf-gcc-8.3.0-2019.08.0-x86_64-linux-ubuntu14/bin/../lib/gcc/riscv64-unknown-elf/8.3.0/picolibc.specs
Failed to guess install tag for /opt/Litex/riscv64-unknown-elf-gcc-8.3.0-2019.08.0-x86_64-linux-ubuntu14/bin/../lib/gcc/riscv64-unknown-elf/8.3.0/picolibcpp.specs
Failed to guess install tag for /usr/local/picolibc/riscv64-unknown-elf/lib/picolibc.ld
Failed to guess install tag for /usr/local/picolibc/riscv64-unknown-elf/lib/picolibcpp.ld
NOTICE: You are using Python 3.6 which is EOL. Starting with v0.62.0, Meson will require Python 3.7 or newer
